10	Q0	clueweb09-en0000-01-21462	1	1.0	run-1
10	Q0	clueweb09-en0000-02-25067	2	1.0	run-1
10	Q0	clueweb09-en0000-02-25080	3	1.0	run-1
10	Q0	clueweb09-en0000-02-25082	4	1.0	run-1
10	Q0	clueweb09-en0000-02-33884	5	1.0	run-1
10	Q0	clueweb09-en0000-03-35193	6	1.0	run-1
10	Q0	clueweb09-en0000-05-06551	7	1.0	run-1
10	Q0	clueweb09-en0000-06-28312	8	1.0	run-1
10	Q0	clueweb09-en0000-06-31942	9	1.0	run-1
10	Q0	clueweb09-en0000-07-18476	10	1.0	run-1
10	Q0	clueweb09-en0000-07-28855	11	1.0	run-1
10	Q0	clueweb09-en0000-07-28856	12	1.0	run-1
10	Q0	clueweb09-en0000-07-28857	13	1.0	run-1
10	Q0	clueweb09-en0000-18-28703	14	1.0	run-1
10	Q0	clueweb09-en0000-21-17368	15	1.0	run-1
10	Q0	clueweb09-en0000-27-31626	16	1.0	run-1
10	Q0	clueweb09-en0000-34-07897	17	1.0	run-1
10	Q0	clueweb09-en0000-44-24658	18	1.0	run-1
10	Q0	clueweb09-en0000-48-12629	19	1.0	run-1
10	Q0	clueweb09-en0000-51-29797	20	1.0	run-1
10	Q0	clueweb09-en0000-56-19906	21	1.0	run-1
10	Q0	clueweb09-en0000-58-00646	22	1.0	run-1
10	Q0	clueweb09-en0000-58-00649	23	1.0	run-1
10	Q0	clueweb09-en0000-58-00728	24	1.0	run-1
10	Q0	clueweb09-en0000-58-00732	25	1.0	run-1
10	Q0	clueweb09-en0000-61-26101	26	1.0	run-1
10	Q0	clueweb09-en0000-68-14081	27	1.0	run-1
10	Q0	clueweb09-en0000-70-16947	28	1.0	run-1
10	Q0	clueweb09-en0000-71-06224	29	1.0	run-1
10	Q0	clueweb09-en0000-73-24374	30	1.0	run-1
10	Q0	clueweb09-en0000-77-11325	31	1.0	run-1
10	Q0	clueweb09-en0000-92-27444	32	1.0	run-1
10	Q0	clueweb09-en0000-95-28646	33	1.0	run-1
10	Q0	clueweb09-en0000-95-28647	34	1.0	run-1
10	Q0	clueweb09-en0000-95-28660	35	1.0	run-1
10	Q0	clueweb09-en0001-09-22625	36	1.0	run-1
10	Q0	clueweb09-en0001-09-22649	37	1.0	run-1
10	Q0	clueweb09-en0001-09-22655	38	1.0	run-1
10	Q0	clueweb09-en0001-13-05169	39	1.0	run-1
10	Q0	clueweb09-en0001-14-09672	40	1.0	run-1
10	Q0	clueweb09-en0001-18-31714	41	1.0	run-1
10	Q0	clueweb09-en0001-18-31898	42	1.0	run-1
10	Q0	clueweb09-en0001-18-32012	43	1.0	run-1
10	Q0	clueweb09-en0001-18-32123	44	1.0	run-1
10	Q0	clueweb09-en0001-18-32161	45	1.0	run-1
10	Q0	clueweb09-en0001-18-32434	46	1.0	run-1
10	Q0	clueweb09-en0001-18-32557	47	1.0	run-1
10	Q0	clueweb09-en0001-18-32626	48	1.0	run-1
10	Q0	clueweb09-en0001-18-32681	49	1.0	run-1
10	Q0	clueweb09-en0001-18-32758	50	1.0	run-1
10	Q0	clueweb09-en0001-22-11051	51	1.0	run-1
10	Q0	clueweb09-en0001-22-11054	52	1.0	run-1
10	Q0	clueweb09-en0001-40-20383	53	1.0	run-1
10	Q0	clueweb09-en0001-40-20387	54	1.0	run-1
10	Q0	clueweb09-en0001-40-20393	55	1.0	run-1
10	Q0	clueweb09-en0001-41-00126	56	1.0	run-1
10	Q0	clueweb09-en0001-43-24713	57	1.0	run-1
10	Q0	clueweb09-en0001-66-18804	58	1.0	run-1
10	Q0	clueweb09-en0001-66-18807	59	1.0	run-1
10	Q0	clueweb09-en0001-66-18808	60	1.0	run-1
10	Q0	clueweb09-en0001-66-18810	61	1.0	run-1
10	Q0	clueweb09-en0001-72-14382	62	1.0	run-1
10	Q0	clueweb09-en0001-85-26958	63	1.0	run-1
10	Q0	clueweb09-en0001-85-26968	64	1.0	run-1
10	Q0	clueweb09-en0001-85-26969	65	1.0	run-1
10	Q0	clueweb09-en0001-89-33014	66	1.0	run-1
10	Q0	clueweb09-en0001-89-33156	67	1.0	run-1
10	Q0	clueweb09-en0001-89-33183	68	1.0	run-1
10	Q0	clueweb09-en0001-94-02257	69	1.0	run-1
10	Q0	clueweb09-en0001-95-21892	70	1.0	run-1
10	Q0	clueweb09-en0001-98-01610	71	1.0	run-1
10	Q0	clueweb09-en0002-01-17223	72	1.0	run-1
10	Q0	clueweb09-en0002-03-19996	73	1.0	run-1
10	Q0	clueweb09-en0002-09-20035	74	1.0	run-1
10	Q0	clueweb09-en0002-15-08441	75	1.0	run-1
10	Q0	clueweb09-en0002-15-23920	76	1.0	run-1
10	Q0	clueweb09-en0002-15-23935	77	1.0	run-1
10	Q0	clueweb09-en0002-15-23938	78	1.0	run-1
10	Q0	clueweb09-en0002-15-23952	79	1.0	run-1
10	Q0	clueweb09-en0002-15-23953	80	1.0	run-1
10	Q0	clueweb09-en0002-15-23972	81	1.0	run-1
10	Q0	clueweb09-en0002-15-23976	82	1.0	run-1
10	Q0	clueweb09-en0002-19-29536	83	1.0	run-1
10	Q0	clueweb09-en0002-19-29537	84	1.0	run-1
10	Q0	clueweb09-en0002-19-29538	85	1.0	run-1
10	Q0	clueweb09-en0002-19-29550	86	1.0	run-1
10	Q0	clueweb09-en0002-19-29554	87	1.0	run-1
10	Q0	clueweb09-en0002-19-29562	88	1.0	run-1
10	Q0	clueweb09-en0002-19-29565	89	1.0	run-1
10	Q0	clueweb09-en0002-19-29568	90	1.0	run-1
10	Q0	clueweb09-en0002-19-29570	91	1.0	run-1
10	Q0	clueweb09-en0002-19-29582	92	1.0	run-1
10	Q0	clueweb09-en0002-19-29594	93	1.0	run-1
10	Q0	clueweb09-en0002-19-29595	94	1.0	run-1
10	Q0	clueweb09-en0002-19-29597	95	1.0	run-1
10	Q0	clueweb09-en0002-19-29605	96	1.0	run-1
10	Q0	clueweb09-en0002-19-29614	97	1.0	run-1
10	Q0	clueweb09-en0002-19-29628	98	1.0	run-1
10	Q0	clueweb09-en0002-19-29662	99	1.0	run-1
10	Q0	clueweb09-en0002-19-29733	100	1.0	run-1
12	Q0	clueweb09-en0000-00-32513	1	1.0	run-1
12	Q0	clueweb09-en0000-00-32514	2	1.0	run-1
12	Q0	clueweb09-en0000-00-32520	3	1.0	run-1
12	Q0	clueweb09-en0000-00-34130	4	1.0	run-1
12	Q0	clueweb09-en0000-01-15252	5	1.0	run-1
12	Q0	clueweb09-en0000-01-15253	6	1.0	run-1
12	Q0	clueweb09-en0000-01-15254	7	1.0	run-1
12	Q0	clueweb09-en0000-01-15281	8	1.0	run-1
12	Q0	clueweb09-en0000-02-26362	9	1.0	run-1
12	Q0	clueweb09-en0000-03-22156	10	1.0	run-1
12	Q0	clueweb09-en0000-04-06622	11	1.0	run-1
12	Q0	clueweb09-en0000-05-15166	12	1.0	run-1
12	Q0	clueweb09-en0000-05-31438	13	1.0	run-1
12	Q0	clueweb09-en0000-05-31489	14	1.0	run-1
12	Q0	clueweb09-en0000-05-31675	15	1.0	run-1
12	Q0	clueweb09-en0000-05-31784	16	1.0	run-1
12	Q0	clueweb09-en0000-05-31785	17	1.0	run-1
12	Q0	clueweb09-en0000-05-31787	18	1.0	run-1
12	Q0	clueweb09-en0000-05-31801	19	1.0	run-1
12	Q0	clueweb09-en0000-05-31877	20	1.0	run-1
12	Q0	clueweb09-en0000-05-31964	21	1.0	run-1
12	Q0	clueweb09-en0000-05-32059	22	1.0	run-1
12	Q0	clueweb09-en0000-05-32111	23	1.0	run-1
12	Q0	clueweb09-en0000-05-32148	24	1.0	run-1
12	Q0	clueweb09-en0000-06-27864	25	1.0	run-1
12	Q0	clueweb09-en0000-06-29411	26	1.0	run-1
12	Q0	clueweb09-en0000-08-01788	27	1.0	run-1
12	Q0	clueweb09-en0000-09-29963	28	1.0	run-1
12	Q0	clueweb09-en0000-10-23929	29	1.0	run-1
12	Q0	clueweb09-en0000-10-30746	30	1.0	run-1
12	Q0	clueweb09-en0000-13-08256	31	1.0	run-1
12	Q0	clueweb09-en0000-13-29822	32	1.0	run-1
12	Q0	clueweb09-en0000-13-29841	33	1.0	run-1
12	Q0	clueweb09-en0000-13-29842	34	1.0	run-1
12	Q0	clueweb09-en0000-15-29267	35	1.0	run-1
12	Q0	clueweb09-en0000-16-35912	36	1.0	run-1
12	Q0	clueweb09-en0000-18-13280	37	1.0	run-1
12	Q0	clueweb09-en0000-18-13393	38	1.0	run-1
12	Q0	clueweb09-en0000-19-26475	39	1.0	run-1
12	Q0	clueweb09-en0000-19-26478	40	1.0	run-1
12	Q0	clueweb09-en0000-21-03995	41	1.0	run-1
12	Q0	clueweb09-en0000-21-16833	42	1.0	run-1
12	Q0	clueweb09-en0000-21-16898	43	1.0	run-1
12	Q0	clueweb09-en0000-21-16899	44	1.0	run-1
12	Q0	clueweb09-en0000-21-19703	45	1.0	run-1
12	Q0	clueweb09-en0000-22-27285	46	1.0	run-1
12	Q0	clueweb09-en0000-22-27335	47	1.0	run-1
12	Q0	clueweb09-en0000-22-27342	48	1.0	run-1
12	Q0	clueweb09-en0000-22-27392	49	1.0	run-1
12	Q0	clueweb09-en0000-22-27416	50	1.0	run-1
12	Q0	clueweb09-en0000-23-07743	51	1.0	run-1
12	Q0	clueweb09-en0000-23-16617	52	1.0	run-1
12	Q0	clueweb09-en0000-24-29517	53	1.0	run-1
12	Q0	clueweb09-en0000-25-32521	54	1.0	run-1
12	Q0	clueweb09-en0000-27-32269	55	1.0	run-1
12	Q0	clueweb09-en0000-27-32270	56	1.0	run-1
12	Q0	clueweb09-en0000-28-24558	57	1.0	run-1
12	Q0	clueweb09-en0000-28-26497	58	1.0	run-1
12	Q0	clueweb09-en0000-30-10221	59	1.0	run-1
12	Q0	clueweb09-en0000-30-10224	60	1.0	run-1
12	Q0	clueweb09-en0000-32-01304	61	1.0	run-1
12	Q0	clueweb09-en0000-34-12738	62	1.0	run-1
12	Q0	clueweb09-en0000-37-03282	63	1.0	run-1
12	Q0	clueweb09-en0000-37-05483	64	1.0	run-1
12	Q0	clueweb09-en0000-37-18298	65	1.0	run-1
12	Q0	clueweb09-en0000-37-20701	66	1.0	run-1
12	Q0	clueweb09-en0000-38-03542	67	1.0	run-1
12	Q0	clueweb09-en0000-38-03690	68	1.0	run-1
12	Q0	clueweb09-en0000-38-03953	69	1.0	run-1
12	Q0	clueweb09-en0000-38-03988	70	1.0	run-1
12	Q0	clueweb09-en0000-38-20827	71	1.0	run-1
12	Q0	clueweb09-en0000-39-24812	72	1.0	run-1
12	Q0	clueweb09-en0000-40-15306	73	1.0	run-1
12	Q0	clueweb09-en0000-40-16646	74	1.0	run-1
12	Q0	clueweb09-en0000-41-16484	75	1.0	run-1
12	Q0	clueweb09-en0000-41-21010	76	1.0	run-1
12	Q0	clueweb09-en0000-41-21853	77	1.0	run-1
12	Q0	clueweb09-en0000-42-20617	78	1.0	run-1
12	Q0	clueweb09-en0000-42-24694	79	1.0	run-1
12	Q0	clueweb09-en0000-47-01143	80	1.0	run-1
12	Q0	clueweb09-en0000-47-01182	81	1.0	run-1
12	Q0	clueweb09-en0000-47-01223	82	1.0	run-1
12	Q0	clueweb09-en0000-47-01229	83	1.0	run-1
12	Q0	clueweb09-en0000-47-01322	84	1.0	run-1
12	Q0	clueweb09-en0000-47-01332	85	1.0	run-1
12	Q0	clueweb09-en0000-47-01343	86	1.0	run-1
12	Q0	clueweb09-en0000-47-25084	87	1.0	run-1
12	Q0	clueweb09-en0000-48-26082	88	1.0	run-1
12	Q0	clueweb09-en0000-49-13021	89	1.0	run-1
12	Q0	clueweb09-en0000-50-06567	90	1.0	run-1
12	Q0	clueweb09-en0000-50-07012	91	1.0	run-1
12	Q0	clueweb09-en0000-51-02216	92	1.0	run-1
12	Q0	clueweb09-en0000-52-16894	93	1.0	run-1
12	Q0	clueweb09-en0000-52-23789	94	1.0	run-1
12	Q0	clueweb09-en0000-52-24222	95	1.0	run-1
12	Q0	clueweb09-en0000-52-24262	96	1.0	run-1
12	Q0	clueweb09-en0000-52-24420	97	1.0	run-1
12	Q0	clueweb09-en0000-52-24557	98	1.0	run-1
12	Q0	clueweb09-en0000-52-24575	99	1.0	run-1
12	Q0	clueweb09-en0000-52-24673	100	1.0	run-1
26	Q0	clueweb09-en0000-04-00579	1	1.0	run-1
26	Q0	clueweb09-en0000-04-01322	2	1.0	run-1
26	Q0	clueweb09-en0000-09-08810	3	1.0	run-1
26	Q0	clueweb09-en0000-09-08859	4	1.0	run-1
26	Q0	clueweb09-en0000-09-09260	5	1.0	run-1
26	Q0	clueweb09-en0000-10-08336	6	1.0	run-1
26	Q0	clueweb09-en0000-13-02825	7	1.0	run-1
26	Q0	clueweb09-en0000-17-01012	8	1.0	run-1
26	Q0	clueweb09-en0000-17-26052	9	1.0	run-1
26	Q0	clueweb09-en0000-32-03992	10	1.0	run-1
26	Q0	clueweb09-en0001-05-26702	11	1.0	run-1
26	Q0	clueweb09-en0001-17-15996	12	1.0	run-1
26	Q0	clueweb09-en0001-20-13960	13	1.0	run-1
26	Q0	clueweb09-en0001-28-23732	14	1.0	run-1
26	Q0	clueweb09-en0001-66-14262	15	1.0	run-1
26	Q0	clueweb09-en0001-69-04835	16	1.0	run-1
26	Q0	clueweb09-en0001-80-10580	17	1.0	run-1
26	Q0	clueweb09-en0002-53-30927	18	1.0	run-1
26	Q0	clueweb09-en0002-61-26813	19	1.0	run-1
26	Q0	clueweb09-en0003-27-25448	20	1.0	run-1
26	Q0	clueweb09-en0003-37-21358	21	1.0	run-1
26	Q0	clueweb09-en0003-63-01674	22	1.0	run-1
26	Q0	clueweb09-en0004-02-17099	23	1.0	run-1
26	Q0	clueweb09-en0004-56-11923	24	1.0	run-1
26	Q0	clueweb09-en0004-66-13153	25	1.0	run-1
26	Q0	clueweb09-en0004-89-18068	26	1.0	run-1
26	Q0	clueweb09-en0005-08-41696	27	1.0	run-1
26	Q0	clueweb09-en0005-30-34026	28	1.0	run-1
26	Q0	clueweb09-en0005-30-34557	29	1.0	run-1
26	Q0	clueweb09-en0005-41-07017	30	1.0	run-1
26	Q0	clueweb09-en0005-56-01195	31	1.0	run-1
26	Q0	clueweb09-en0005-65-31815	32	1.0	run-1
26	Q0	clueweb09-en0005-67-17610	33	1.0	run-1
26	Q0	clueweb09-en0005-75-10536	34	1.0	run-1
26	Q0	clueweb09-en0006-09-21064	35	1.0	run-1
26	Q0	clueweb09-en0006-28-21273	36	1.0	run-1
26	Q0	clueweb09-en0006-69-21516	37	1.0	run-1
26	Q0	clueweb09-en0006-76-14732	38	1.0	run-1
26	Q0	clueweb09-en0007-00-06356	39	1.0	run-1
26	Q0	clueweb09-en0007-13-30672	40	1.0	run-1
26	Q0	clueweb09-en0007-15-40215	41	1.0	run-1
26	Q0	clueweb09-en0007-27-31942	42	1.0	run-1
26	Q0	clueweb09-en0007-27-32114	43	1.0	run-1
26	Q0	clueweb09-en0007-27-32254	44	1.0	run-1
26	Q0	clueweb09-en0007-32-33911	45	1.0	run-1
26	Q0	clueweb09-en0007-37-13980	46	1.0	run-1
26	Q0	clueweb09-en0007-51-19957	47	1.0	run-1
26	Q0	clueweb09-en0007-57-19603	48	1.0	run-1
26	Q0	clueweb09-en0007-62-27861	49	1.0	run-1
26	Q0	clueweb09-en0008-24-10533	50	1.0	run-1
26	Q0	clueweb09-en0008-80-03421	51	1.0	run-1
26	Q0	clueweb09-en0009-03-09293	52	1.0	run-1
26	Q0	clueweb09-en0009-39-04977	53	1.0	run-1
26	Q0	clueweb09-en0009-49-11296	54	1.0	run-1
26	Q0	clueweb09-en0009-50-41295	55	1.0	run-1
26	Q0	clueweb09-en0009-57-43610	56	1.0	run-1
26	Q0	clueweb09-en0009-64-01781	57	1.0	run-1
26	Q0	clueweb09-en0010-06-01799	58	1.0	run-1
26	Q0	clueweb09-en0010-15-11576	59	1.0	run-1
26	Q0	clueweb09-en0010-20-30538	60	1.0	run-1
26	Q0	clueweb09-en0010-75-02171	61	1.0	run-1
26	Q0	clueweb09-en0010-79-07921	62	1.0	run-1
26	Q0	clueweb09-en0011-09-07090	63	1.0	run-1
26	Q0	clueweb09-en0011-58-19607	64	1.0	run-1
26	Q0	clueweb09-en0011-68-21774	65	1.0	run-1
26	Q0	clueweb09-en0011-68-21789	66	1.0	run-1
26	Q0	clueweb09-en0011-89-14409	67	1.0	run-1
26	Q0	clueweb09-en0011-94-03897	68	1.0	run-1
26	Q0	clueweb09-en0011-99-23972	69	1.0	run-1
26	Q0	clueweb09-enwp00-02-10824	70	1.0	run-1
26	Q0	clueweb09-enwp00-15-10360	71	1.0	run-1
26	Q0	clueweb09-enwp00-23-09526	72	1.0	run-1
26	Q0	clueweb09-enwp00-25-10150	73	1.0	run-1
26	Q0	clueweb09-enwp00-26-09119	74	1.0	run-1
26	Q0	clueweb09-enwp00-26-09141	75	1.0	run-1
26	Q0	clueweb09-enwp00-29-09599	76	1.0	run-1
26	Q0	clueweb09-enwp00-30-09674	77	1.0	run-1
26	Q0	clueweb09-enwp00-30-09685	78	1.0	run-1
26	Q0	clueweb09-enwp00-31-09883	79	1.0	run-1
26	Q0	clueweb09-enwp00-32-03242	80	1.0	run-1
26	Q0	clueweb09-enwp00-33-09646	81	1.0	run-1
26	Q0	clueweb09-enwp00-36-03612	82	1.0	run-1
26	Q0	clueweb09-enwp00-37-09773	83	1.0	run-1
26	Q0	clueweb09-enwp00-44-10661	84	1.0	run-1
26	Q0	clueweb09-enwp00-48-04101	85	1.0	run-1
26	Q0	clueweb09-enwp00-54-12724	86	1.0	run-1
26	Q0	clueweb09-enwp00-65-22012	87	1.0	run-1
26	Q0	clueweb09-enwp00-66-15403	88	1.0	run-1
26	Q0	clueweb09-enwp00-69-15070	89	1.0	run-1
26	Q0	clueweb09-enwp00-69-15074	90	1.0	run-1
26	Q0	clueweb09-enwp00-70-14616	91	1.0	run-1
26	Q0	clueweb09-enwp00-70-15072	92	1.0	run-1
26	Q0	clueweb09-enwp00-71-14705	93	1.0	run-1
26	Q0	clueweb09-enwp00-73-15359	94	1.0	run-1
26	Q0	clueweb09-enwp00-74-14630	95	1.0	run-1
26	Q0	clueweb09-enwp00-75-15331	96	1.0	run-1
26	Q0	clueweb09-enwp00-76-16004	97	1.0	run-1
26	Q0	clueweb09-enwp00-82-22880	98	1.0	run-1
26	Q0	clueweb09-enwp01-01-10150	99	1.0	run-1
26	Q0	clueweb09-enwp01-20-10661	100	1.0	run-1
29	Q0	clueweb09-en0000-21-14576	1	1.0	run-1
29	Q0	clueweb09-en0000-24-17115	2	1.0	run-1
29	Q0	clueweb09-en0000-37-06356	3	1.0	run-1
29	Q0	clueweb09-en0000-41-24559	4	1.0	run-1
29	Q0	clueweb09-en0000-74-23039	5	1.0	run-1
29	Q0	clueweb09-en0001-02-19735	6	1.0	run-1
29	Q0	clueweb09-en0001-03-05755	7	1.0	run-1
29	Q0	clueweb09-en0001-04-03566	8	1.0	run-1
29	Q0	clueweb09-en0001-10-12999	9	1.0	run-1
29	Q0	clueweb09-en0001-19-27476	10	1.0	run-1
29	Q0	clueweb09-en0001-19-27544	11	1.0	run-1
29	Q0	clueweb09-en0001-22-03095	12	1.0	run-1
29	Q0	clueweb09-en0001-24-06988	13	1.0	run-1
29	Q0	clueweb09-en0001-26-27648	14	1.0	run-1
29	Q0	clueweb09-en0001-26-27688	15	1.0	run-1
29	Q0	clueweb09-en0001-27-26266	16	1.0	run-1
29	Q0	clueweb09-en0001-48-17430	17	1.0	run-1
29	Q0	clueweb09-en0001-55-15054	18	1.0	run-1
29	Q0	clueweb09-en0001-61-05759	19	1.0	run-1
29	Q0	clueweb09-en0001-68-20627	20	1.0	run-1
29	Q0	clueweb09-en0001-80-29023	21	1.0	run-1
29	Q0	clueweb09-en0001-83-01026	22	1.0	run-1
29	Q0	clueweb09-en0001-83-01197	23	1.0	run-1
29	Q0	clueweb09-en0001-87-20940	24	1.0	run-1
29	Q0	clueweb09-en0001-92-14352	25	1.0	run-1
29	Q0	clueweb09-en0001-93-14915	26	1.0	run-1
29	Q0	clueweb09-en0002-29-04735	27	1.0	run-1
29	Q0	clueweb09-en0002-34-15272	28	1.0	run-1
29	Q0	clueweb09-en0002-38-29364	29	1.0	run-1
29	Q0	clueweb09-en0002-41-07201	30	1.0	run-1
29	Q0	clueweb09-en0002-78-25531	31	1.0	run-1
29	Q0	clueweb09-en0002-78-25534	32	1.0	run-1
29	Q0	clueweb09-en0002-78-25535	33	1.0	run-1
29	Q0	clueweb09-en0002-79-13769	34	1.0	run-1
29	Q0	clueweb09-en0002-81-23066	35	1.0	run-1
29	Q0	clueweb09-en0002-81-26299	36	1.0	run-1
29	Q0	clueweb09-en0002-81-26338	37	1.0	run-1
29	Q0	clueweb09-en0002-81-26342	38	1.0	run-1
29	Q0	clueweb09-en0003-09-06305	39	1.0	run-1
29	Q0	clueweb09-en0003-13-14486	40	1.0	run-1
29	Q0	clueweb09-en0003-33-23184	41	1.0	run-1
29	Q0	clueweb09-en0003-41-14473	42	1.0	run-1
29	Q0	clueweb09-en0003-50-16719	43	1.0	run-1
29	Q0	clueweb09-en0003-59-07163	44	1.0	run-1
29	Q0	clueweb09-en0003-59-19284	45	1.0	run-1
29	Q0	clueweb09-en0003-60-23770	46	1.0	run-1
29	Q0	clueweb09-en0003-62-18707	47	1.0	run-1
29	Q0	clueweb09-en0003-74-01937	48	1.0	run-1
29	Q0	clueweb09-en0003-83-22286	49	1.0	run-1
29	Q0	clueweb09-en0003-83-22579	50	1.0	run-1
29	Q0	clueweb09-en0003-83-22623	51	1.0	run-1
29	Q0	clueweb09-en0003-83-22632	52	1.0	run-1
29	Q0	clueweb09-en0003-83-23010	53	1.0	run-1
29	Q0	clueweb09-en0003-83-23076	54	1.0	run-1
29	Q0	clueweb09-en0003-84-04279	55	1.0	run-1
29	Q0	clueweb09-en0003-84-10140	56	1.0	run-1
29	Q0	clueweb09-en0003-90-33671	57	1.0	run-1
29	Q0	clueweb09-en0003-93-16170	58	1.0	run-1
29	Q0	clueweb09-en0004-07-03779	59	1.0	run-1
29	Q0	clueweb09-en0004-09-20944	60	1.0	run-1
29	Q0	clueweb09-en0004-09-20970	61	1.0	run-1
29	Q0	clueweb09-en0004-09-20975	62	1.0	run-1
29	Q0	clueweb09-en0004-18-04041	63	1.0	run-1
29	Q0	clueweb09-en0004-19-06116	64	1.0	run-1
29	Q0	clueweb09-en0004-19-08759	65	1.0	run-1
29	Q0	clueweb09-en0004-28-00454	66	1.0	run-1
29	Q0	clueweb09-en0004-37-01134	67	1.0	run-1
29	Q0	clueweb09-en0004-37-02083	68	1.0	run-1
29	Q0	clueweb09-en0004-43-36136	69	1.0	run-1
29	Q0	clueweb09-en0004-45-01981	70	1.0	run-1
29	Q0	clueweb09-en0004-74-25197	71	1.0	run-1
29	Q0	clueweb09-en0004-77-00153	72	1.0	run-1
29	Q0	clueweb09-en0004-80-01372	73	1.0	run-1
29	Q0	clueweb09-en0004-81-34531	74	1.0	run-1
29	Q0	clueweb09-en0004-91-05049	75	1.0	run-1
29	Q0	clueweb09-en0005-04-02827	76	1.0	run-1
29	Q0	clueweb09-en0005-18-29983	77	1.0	run-1
29	Q0	clueweb09-en0005-22-36375	78	1.0	run-1
29	Q0	clueweb09-en0005-40-36160	79	1.0	run-1
29	Q0	clueweb09-en0005-40-36197	80	1.0	run-1
29	Q0	clueweb09-en0005-40-36199	81	1.0	run-1
29	Q0	clueweb09-en0005-66-26526	82	1.0	run-1
29	Q0	clueweb09-en0005-97-31330	83	1.0	run-1
29	Q0	clueweb09-en0006-00-07261	84	1.0	run-1
29	Q0	clueweb09-en0006-00-07568	85	1.0	run-1
29	Q0	clueweb09-en0006-00-07906	86	1.0	run-1
29	Q0	clueweb09-en0006-05-35717	87	1.0	run-1
29	Q0	clueweb09-en0006-17-19924	88	1.0	run-1
29	Q0	clueweb09-en0006-55-21379	89	1.0	run-1
29	Q0	clueweb09-en0006-65-10579	90	1.0	run-1
29	Q0	clueweb09-en0006-74-29158	91	1.0	run-1
29	Q0	clueweb09-en0006-84-27050	92	1.0	run-1
29	Q0	clueweb09-en0006-84-27144	93	1.0	run-1
29	Q0	clueweb09-en0006-85-13188	94	1.0	run-1
29	Q0	clueweb09-en0007-06-34575	95	1.0	run-1
29	Q0	clueweb09-en0007-06-34584	96	1.0	run-1
29	Q0	clueweb09-en0007-14-21270	97	1.0	run-1
29	Q0	clueweb09-en0007-14-21273	98	1.0	run-1
29	Q0	clueweb09-en0007-14-21277	99	1.0	run-1
29	Q0	clueweb09-en0007-14-21283	100	1.0	run-1
33	Q0	clueweb09-en0000-04-07251	1	1.0	run-1
33	Q0	clueweb09-en0000-09-05052	2	1.0	run-1
33	Q0	clueweb09-en0000-09-09199	3	1.0	run-1
33	Q0	clueweb09-en0000-12-16857	4	1.0	run-1
33	Q0	clueweb09-en0000-12-27126	5	1.0	run-1
33	Q0	clueweb09-en0000-14-16447	6	1.0	run-1
33	Q0	clueweb09-en0000-21-16644	7	1.0	run-1
33	Q0	clueweb09-en0000-21-16999	8	1.0	run-1
33	Q0	clueweb09-en0000-24-15770	9	1.0	run-1
33	Q0	clueweb09-en0000-26-07654	10	1.0	run-1
33	Q0	clueweb09-en0000-33-17712	11	1.0	run-1
33	Q0	clueweb09-en0000-43-29821	12	1.0	run-1
33	Q0	clueweb09-en0000-43-29831	13	1.0	run-1
33	Q0	clueweb09-en0000-44-19645	14	1.0	run-1
33	Q0	clueweb09-en0000-46-29425	15	1.0	run-1
33	Q0	clueweb09-en0000-49-03445	16	1.0	run-1
33	Q0	clueweb09-en0000-49-03463	17	1.0	run-1
33	Q0	clueweb09-en0000-50-05332	18	1.0	run-1
33	Q0	clueweb09-en0000-57-11374	19	1.0	run-1
33	Q0	clueweb09-en0000-64-21770	20	1.0	run-1
33	Q0	clueweb09-en0000-64-21806	21	1.0	run-1
33	Q0	clueweb09-en0000-66-03777	22	1.0	run-1
33	Q0	clueweb09-en0000-67-06120	23	1.0	run-1
33	Q0	clueweb09-en0000-73-10105	24	1.0	run-1
33	Q0	clueweb09-en0000-77-31273	25	1.0	run-1
33	Q0	clueweb09-en0000-84-06628	26	1.0	run-1
33	Q0	clueweb09-en0000-98-16275	27	1.0	run-1
33	Q0	clueweb09-en0001-02-16316	28	1.0	run-1
33	Q0	clueweb09-en0001-03-20455	29	1.0	run-1
33	Q0	clueweb09-en0001-05-27683	30	1.0	run-1
33	Q0	clueweb09-en0001-05-27684	31	1.0	run-1
33	Q0	clueweb09-en0001-05-27710	32	1.0	run-1
33	Q0	clueweb09-en0001-05-27711	33	1.0	run-1
33	Q0	clueweb09-en0001-08-02144	34	1.0	run-1
33	Q0	clueweb09-en0001-12-23104	35	1.0	run-1
33	Q0	clueweb09-en0001-13-02781	36	1.0	run-1
33	Q0	clueweb09-en0001-19-10622	37	1.0	run-1
33	Q0	clueweb09-en0001-23-33266	38	1.0	run-1
33	Q0	clueweb09-en0001-24-28991	39	1.0	run-1
33	Q0	clueweb09-en0001-28-23762	40	1.0	run-1
33	Q0	clueweb09-en0001-32-21080	41	1.0	run-1
33	Q0	clueweb09-en0001-32-22629	42	1.0	run-1
33	Q0	clueweb09-en0001-37-09812	43	1.0	run-1
33	Q0	clueweb09-en0001-37-09828	44	1.0	run-1
33	Q0	clueweb09-en0001-37-09881	45	1.0	run-1
33	Q0	clueweb09-en0001-55-13913	46	1.0	run-1
33	Q0	clueweb09-en0001-66-06858	47	1.0	run-1
33	Q0	clueweb09-en0001-69-02492	48	1.0	run-1
33	Q0	clueweb09-en0001-72-19849	49	1.0	run-1
33	Q0	clueweb09-en0001-73-31336	50	1.0	run-1
33	Q0	clueweb09-en0001-74-30636	51	1.0	run-1
33	Q0	clueweb09-en0001-84-08947	52	1.0	run-1
33	Q0	clueweb09-en0001-89-32826	53	1.0	run-1
33	Q0	clueweb09-en0001-90-02980	54	1.0	run-1
33	Q0	clueweb09-en0002-02-25396	55	1.0	run-1
33	Q0	clueweb09-en0002-20-32093	56	1.0	run-1
33	Q0	clueweb09-en0002-25-15510	57	1.0	run-1
33	Q0	clueweb09-en0002-28-35184	58	1.0	run-1
33	Q0	clueweb09-en0002-28-35275	59	1.0	run-1
33	Q0	clueweb09-en0002-28-35284	60	1.0	run-1
33	Q0	clueweb09-en0002-28-35563	61	1.0	run-1
33	Q0	clueweb09-en0002-37-36385	62	1.0	run-1
33	Q0	clueweb09-en0002-44-08228	63	1.0	run-1
33	Q0	clueweb09-en0002-44-12928	64	1.0	run-1
33	Q0	clueweb09-en0002-51-07684	65	1.0	run-1
33	Q0	clueweb09-en0002-69-19418	66	1.0	run-1
33	Q0	clueweb09-en0002-70-28547	67	1.0	run-1
33	Q0	clueweb09-en0002-71-21349	68	1.0	run-1
33	Q0	clueweb09-en0002-75-28930	69	1.0	run-1
33	Q0	clueweb09-en0002-88-18378	70	1.0	run-1
33	Q0	clueweb09-en0003-04-22932	71	1.0	run-1
33	Q0	clueweb09-en0003-05-25670	72	1.0	run-1
33	Q0	clueweb09-en0003-06-03814	73	1.0	run-1
33	Q0	clueweb09-en0003-06-03892	74	1.0	run-1
33	Q0	clueweb09-en0003-06-03910	75	1.0	run-1
33	Q0	clueweb09-en0003-09-06158	76	1.0	run-1
33	Q0	clueweb09-en0003-13-14425	77	1.0	run-1
33	Q0	clueweb09-en0003-13-14595	78	1.0	run-1
33	Q0	clueweb09-en0003-13-14874	79	1.0	run-1
33	Q0	clueweb09-en0003-13-14875	80	1.0	run-1
33	Q0	clueweb09-en0003-15-30300	81	1.0	run-1
33	Q0	clueweb09-en0003-21-04324	82	1.0	run-1
33	Q0	clueweb09-en0003-21-12901	83	1.0	run-1
33	Q0	clueweb09-en0003-23-17626	84	1.0	run-1
33	Q0	clueweb09-en0003-24-19948	85	1.0	run-1
33	Q0	clueweb09-en0003-28-15008	86	1.0	run-1
33	Q0	clueweb09-en0003-35-04171	87	1.0	run-1
33	Q0	clueweb09-en0003-37-21357	88	1.0	run-1
33	Q0	clueweb09-en0003-37-21358	89	1.0	run-1
33	Q0	clueweb09-en0003-37-21359	90	1.0	run-1
33	Q0	clueweb09-en0003-37-21360	91	1.0	run-1
33	Q0	clueweb09-en0003-37-21363	92	1.0	run-1
33	Q0	clueweb09-en0003-43-03493	93	1.0	run-1
33	Q0	clueweb09-en0003-43-03494	94	1.0	run-1
33	Q0	clueweb09-en0003-52-21555	95	1.0	run-1
33	Q0	clueweb09-en0003-58-07848	96	1.0	run-1
33	Q0	clueweb09-en0003-58-25342	97	1.0	run-1
33	Q0	clueweb09-en0003-58-28322	98	1.0	run-1
33	Q0	clueweb09-en0003-60-08517	99	1.0	run-1
33	Q0	clueweb09-en0003-62-10124	100	1.0	run-1
52	Q0	clueweb09-en0000-06-04188	1	1.0	run-1
52	Q0	clueweb09-en0000-10-08340	2	1.0	run-1
52	Q0	clueweb09-en0000-11-19507	3	1.0	run-1
52	Q0	clueweb09-en0000-11-21854	4	1.0	run-1
52	Q0	clueweb09-en0000-14-14494	5	1.0	run-1
52	Q0	clueweb09-en0000-24-09037	6	1.0	run-1
52	Q0	clueweb09-en0000-28-03615	7	1.0	run-1
52	Q0	clueweb09-en0000-29-12342	8	1.0	run-1
52	Q0	clueweb09-en0000-29-12343	9	1.0	run-1
52	Q0	clueweb09-en0000-29-12344	10	1.0	run-1
52	Q0	clueweb09-en0000-29-12345	11	1.0	run-1
52	Q0	clueweb09-en0000-29-12346	12	1.0	run-1
52	Q0	clueweb09-en0000-39-22782	13	1.0	run-1
52	Q0	clueweb09-en0000-41-10714	14	1.0	run-1
52	Q0	clueweb09-en0000-43-14679	15	1.0	run-1
52	Q0	clueweb09-en0000-47-14548	16	1.0	run-1
52	Q0	clueweb09-en0000-47-14551	17	1.0	run-1
52	Q0	clueweb09-en0000-47-14558	18	1.0	run-1
52	Q0	clueweb09-en0000-51-12374	19	1.0	run-1
52	Q0	clueweb09-en0000-51-12375	20	1.0	run-1
52	Q0	clueweb09-en0000-51-12376	21	1.0	run-1
52	Q0	clueweb09-en0000-51-12377	22	1.0	run-1
52	Q0	clueweb09-en0000-51-12378	23	1.0	run-1
52	Q0	clueweb09-en0000-51-12379	24	1.0	run-1
52	Q0	clueweb09-en0000-51-12381	25	1.0	run-1
52	Q0	clueweb09-en0000-53-12244	26	1.0	run-1
52	Q0	clueweb09-en0000-54-14011	27	1.0	run-1
52	Q0	clueweb09-en0000-54-14063	28	1.0	run-1
52	Q0	clueweb09-en0000-56-34019	29	1.0	run-1
52	Q0	clueweb09-en0000-59-24289	30	1.0	run-1
52	Q0	clueweb09-en0000-60-13644	31	1.0	run-1
52	Q0	clueweb09-en0000-60-13646	32	1.0	run-1
52	Q0	clueweb09-en0000-60-13653	33	1.0	run-1
52	Q0	clueweb09-en0000-60-13654	34	1.0	run-1
52	Q0	clueweb09-en0000-60-13658	35	1.0	run-1
52	Q0	clueweb09-en0000-60-13661	36	1.0	run-1
52	Q0	clueweb09-en0000-60-13662	37	1.0	run-1
52	Q0	clueweb09-en0000-63-15921	38	1.0	run-1
52	Q0	clueweb09-en0000-65-07473	39	1.0	run-1
52	Q0	clueweb09-en0000-70-27853	40	1.0	run-1
52	Q0	clueweb09-en0000-71-06214	41	1.0	run-1
52	Q0	clueweb09-en0000-76-11594	42	1.0	run-1
52	Q0	clueweb09-en0000-77-18405	43	1.0	run-1
52	Q0	clueweb09-en0000-88-13018	44	1.0	run-1
52	Q0	clueweb09-en0000-88-16574	45	1.0	run-1
52	Q0	clueweb09-en0001-01-28406	46	1.0	run-1
52	Q0	clueweb09-en0001-02-34249	47	1.0	run-1
52	Q0	clueweb09-en0001-17-33006	48	1.0	run-1
52	Q0	clueweb09-en0001-30-19050	49	1.0	run-1
52	Q0	clueweb09-en0001-34-01645	50	1.0	run-1
52	Q0	clueweb09-en0001-35-02166	51	1.0	run-1
52	Q0	clueweb09-en0001-35-02171	52	1.0	run-1
52	Q0	clueweb09-en0001-40-04939	53	1.0	run-1
52	Q0	clueweb09-en0001-46-26419	54	1.0	run-1
52	Q0	clueweb09-en0001-48-31336	55	1.0	run-1
52	Q0	clueweb09-en0001-53-21005	56	1.0	run-1
52	Q0	clueweb09-en0001-54-11021	57	1.0	run-1
52	Q0	clueweb09-en0001-54-11038	58	1.0	run-1
52	Q0	clueweb09-en0001-55-20964	59	1.0	run-1
52	Q0	clueweb09-en0001-59-11960	60	1.0	run-1
52	Q0	clueweb09-en0001-60-00396	61	1.0	run-1
52	Q0	clueweb09-en0001-72-03644	62	1.0	run-1
52	Q0	clueweb09-en0001-78-25362	63	1.0	run-1
52	Q0	clueweb09-en0001-86-29251	64	1.0	run-1
52	Q0	clueweb09-en0002-01-16632	65	1.0	run-1
52	Q0	clueweb09-en0002-02-06958	66	1.0	run-1
52	Q0	clueweb09-en0002-02-25424	67	1.0	run-1
52	Q0	clueweb09-en0002-07-32945	68	1.0	run-1
52	Q0	clueweb09-en0002-11-01630	69	1.0	run-1
52	Q0	clueweb09-en0002-14-05515	70	1.0	run-1
52	Q0	clueweb09-en0002-16-35886	71	1.0	run-1
52	Q0	clueweb09-en0002-16-35948	72	1.0	run-1
52	Q0	clueweb09-en0002-17-12053	73	1.0	run-1
52	Q0	clueweb09-en0002-28-08371	74	1.0	run-1
52	Q0	clueweb09-en0002-29-05267	75	1.0	run-1
52	Q0	clueweb09-en0002-36-31107	76	1.0	run-1
52	Q0	clueweb09-en0002-44-21955	77	1.0	run-1
52	Q0	clueweb09-en0002-46-15564	78	1.0	run-1
52	Q0	clueweb09-en0002-50-17943	79	1.0	run-1
52	Q0	clueweb09-en0002-51-11581	80	1.0	run-1
52	Q0	clueweb09-en0002-51-18281	81	1.0	run-1
52	Q0	clueweb09-en0002-59-22471	82	1.0	run-1
52	Q0	clueweb09-en0002-75-15910	83	1.0	run-1
52	Q0	clueweb09-en0002-76-14005	84	1.0	run-1
52	Q0	clueweb09-en0002-80-06056	85	1.0	run-1
52	Q0	clueweb09-en0002-87-14644	86	1.0	run-1
52	Q0	clueweb09-en0002-89-32425	87	1.0	run-1
52	Q0	clueweb09-en0002-92-33198	88	1.0	run-1
52	Q0	clueweb09-en0002-97-26119	89	1.0	run-1
52	Q0	clueweb09-en0002-97-27136	90	1.0	run-1
52	Q0	clueweb09-en0003-01-15698	91	1.0	run-1
52	Q0	clueweb09-en0003-02-24589	92	1.0	run-1
52	Q0	clueweb09-en0003-03-15831	93	1.0	run-1
52	Q0	clueweb09-en0003-04-01900	94	1.0	run-1
52	Q0	clueweb09-en0003-04-04456	95	1.0	run-1
52	Q0	clueweb09-en0003-11-25615	96	1.0	run-1
52	Q0	clueweb09-en0003-24-06143	97	1.0	run-1
52	Q0	clueweb09-en0003-27-19517	98	1.0	run-1
52	Q0	clueweb09-en0003-30-00535	99	1.0	run-1
52	Q0	clueweb09-en0003-32-11924	100	1.0	run-1
71	Q0	clueweb09-en0000-00-00142	1	1.0	run-1
71	Q0	clueweb09-en0000-00-00175	2	1.0	run-1
71	Q0	clueweb09-en0000-00-00806	3	1.0	run-1
71	Q0	clueweb09-en0000-00-00896	4	1.0	run-1
71	Q0	clueweb09-en0000-00-01005	5	1.0	run-1
71	Q0	clueweb09-en0000-00-01024	6	1.0	run-1
71	Q0	clueweb09-en0000-00-01068	7	1.0	run-1
71	Q0	clueweb09-en0000-00-01069	8	1.0	run-1
71	Q0	clueweb09-en0000-00-01122	9	1.0	run-1
71	Q0	clueweb09-en0000-00-01174	10	1.0	run-1
71	Q0	clueweb09-en0000-00-01215	11	1.0	run-1
71	Q0	clueweb09-en0000-00-01382	12	1.0	run-1
71	Q0	clueweb09-en0000-00-01383	13	1.0	run-1
71	Q0	clueweb09-en0000-00-01551	14	1.0	run-1
71	Q0	clueweb09-en0000-00-03430	15	1.0	run-1
71	Q0	clueweb09-en0000-00-03431	16	1.0	run-1
71	Q0	clueweb09-en0000-00-03433	17	1.0	run-1
71	Q0	clueweb09-en0000-00-03434	18	1.0	run-1
71	Q0	clueweb09-en0000-00-03436	19	1.0	run-1
71	Q0	clueweb09-en0000-00-03437	20	1.0	run-1
71	Q0	clueweb09-en0000-00-03438	21	1.0	run-1
71	Q0	clueweb09-en0000-00-03491	22	1.0	run-1
71	Q0	clueweb09-en0000-00-04294	23	1.0	run-1
71	Q0	clueweb09-en0000-00-04324	24	1.0	run-1
71	Q0	clueweb09-en0000-00-05149	25	1.0	run-1
71	Q0	clueweb09-en0000-00-05346	26	1.0	run-1
71	Q0	clueweb09-en0000-00-05550	27	1.0	run-1
71	Q0	clueweb09-en0000-00-06890	28	1.0	run-1
71	Q0	clueweb09-en0000-00-06950	29	1.0	run-1
71	Q0	clueweb09-en0000-00-07672	30	1.0	run-1
71	Q0	clueweb09-en0000-00-07675	31	1.0	run-1
71	Q0	clueweb09-en0000-00-07677	32	1.0	run-1
71	Q0	clueweb09-en0000-00-07678	33	1.0	run-1
71	Q0	clueweb09-en0000-00-07679	34	1.0	run-1
71	Q0	clueweb09-en0000-00-07680	35	1.0	run-1
71	Q0	clueweb09-en0000-00-07684	36	1.0	run-1
71	Q0	clueweb09-en0000-00-07685	37	1.0	run-1
71	Q0	clueweb09-en0000-00-07687	38	1.0	run-1
71	Q0	clueweb09-en0000-00-07688	39	1.0	run-1
71	Q0	clueweb09-en0000-00-07689	40	1.0	run-1
71	Q0	clueweb09-en0000-00-07690	41	1.0	run-1
71	Q0	clueweb09-en0000-00-07691	42	1.0	run-1
71	Q0	clueweb09-en0000-00-07701	43	1.0	run-1
71	Q0	clueweb09-en0000-00-07706	44	1.0	run-1
71	Q0	clueweb09-en0000-00-07708	45	1.0	run-1
71	Q0	clueweb09-en0000-00-07709	46	1.0	run-1
71	Q0	clueweb09-en0000-00-07714	47	1.0	run-1
71	Q0	clueweb09-en0000-00-07715	48	1.0	run-1
71	Q0	clueweb09-en0000-00-08183	49	1.0	run-1
71	Q0	clueweb09-en0000-00-08188	50	1.0	run-1
71	Q0	clueweb09-en0000-00-08193	51	1.0	run-1
71	Q0	clueweb09-en0000-00-08228	52	1.0	run-1
71	Q0	clueweb09-en0000-00-08250	53	1.0	run-1
71	Q0	clueweb09-en0000-00-09883	54	1.0	run-1
71	Q0	clueweb09-en0000-00-09977	55	1.0	run-1
71	Q0	clueweb09-en0000-00-10105	56	1.0	run-1
71	Q0	clueweb09-en0000-00-10131	57	1.0	run-1
71	Q0	clueweb09-en0000-00-10348	58	1.0	run-1
71	Q0	clueweb09-en0000-00-10987	59	1.0	run-1
71	Q0	clueweb09-en0000-00-12377	60	1.0	run-1
71	Q0	clueweb09-en0000-00-12470	61	1.0	run-1
71	Q0	clueweb09-en0000-00-13312	62	1.0	run-1
71	Q0	clueweb09-en0000-00-13313	63	1.0	run-1
71	Q0	clueweb09-en0000-00-13316	64	1.0	run-1
71	Q0	clueweb09-en0000-00-13323	65	1.0	run-1
71	Q0	clueweb09-en0000-00-13598	66	1.0	run-1
71	Q0	clueweb09-en0000-00-14782	67	1.0	run-1
71	Q0	clueweb09-en0000-00-15197	68	1.0	run-1
71	Q0	clueweb09-en0000-00-15361	69	1.0	run-1
71	Q0	clueweb09-en0000-00-15372	70	1.0	run-1
71	Q0	clueweb09-en0000-00-15380	71	1.0	run-1
71	Q0	clueweb09-en0000-00-16318	72	1.0	run-1
71	Q0	clueweb09-en0000-00-16779	73	1.0	run-1
71	Q0	clueweb09-en0000-00-16780	74	1.0	run-1
71	Q0	clueweb09-en0000-00-17398	75	1.0	run-1
71	Q0	clueweb09-en0000-00-17600	76	1.0	run-1
71	Q0	clueweb09-en0000-00-17601	77	1.0	run-1
71	Q0	clueweb09-en0000-00-17603	78	1.0	run-1
71	Q0	clueweb09-en0000-00-17604	79	1.0	run-1
71	Q0	clueweb09-en0000-00-17606	80	1.0	run-1
71	Q0	clueweb09-en0000-00-17607	81	1.0	run-1
71	Q0	clueweb09-en0000-00-17608	82	1.0	run-1
71	Q0	clueweb09-en0000-00-17610	83	1.0	run-1
71	Q0	clueweb09-en0000-00-17793	84	1.0	run-1
71	Q0	clueweb09-en0000-00-18167	85	1.0	run-1
71	Q0	clueweb09-en0000-00-18178	86	1.0	run-1
71	Q0	clueweb09-en0000-00-18221	87	1.0	run-1
71	Q0	clueweb09-en0000-00-18341	88	1.0	run-1
71	Q0	clueweb09-en0000-00-18356	89	1.0	run-1
71	Q0	clueweb09-en0000-00-18388	90	1.0	run-1
71	Q0	clueweb09-en0000-00-18410	91	1.0	run-1
71	Q0	clueweb09-en0000-00-18411	92	1.0	run-1
71	Q0	clueweb09-en0000-00-18473	93	1.0	run-1
71	Q0	clueweb09-en0000-00-18516	94	1.0	run-1
71	Q0	clueweb09-en0000-00-18523	95	1.0	run-1
71	Q0	clueweb09-en0000-00-18670	96	1.0	run-1
71	Q0	clueweb09-en0000-00-18722	97	1.0	run-1
71	Q0	clueweb09-en0000-00-18772	98	1.0	run-1
71	Q0	clueweb09-en0000-00-18815	99	1.0	run-1
71	Q0	clueweb09-en0000-00-18844	100	1.0	run-1
102	Q0	clueweb09-en0000-71-33778	1	1.0	run-1
102	Q0	clueweb09-en0002-62-10701	2	1.0	run-1
102	Q0	clueweb09-en0003-97-27345	3	1.0	run-1
102	Q0	clueweb09-en0005-85-24201	4	1.0	run-1
102	Q0	clueweb09-en0007-63-04777	5	1.0	run-1
102	Q0	clueweb09-en0007-96-01022	6	1.0	run-1
102	Q0	clueweb09-en0009-21-19078	7	1.0	run-1
102	Q0	clueweb09-en0009-21-19080	8	1.0	run-1
149	Q0	clueweb09-en0000-11-27765	1	1.0	run-1
149	Q0	clueweb09-en0000-97-06228	2	1.0	run-1
149	Q0	clueweb09-en0000-99-20299	3	1.0	run-1
149	Q0	clueweb09-en0001-12-03645	4	1.0	run-1
149	Q0	clueweb09-en0001-21-25495	5	1.0	run-1
149	Q0	clueweb09-en0001-29-06746	6	1.0	run-1
149	Q0	clueweb09-en0001-51-21742	7	1.0	run-1
149	Q0	clueweb09-en0001-93-20942	8	1.0	run-1
149	Q0	clueweb09-en0002-02-16140	9	1.0	run-1
149	Q0	clueweb09-en0002-04-26889	10	1.0	run-1
149	Q0	clueweb09-en0002-04-26891	11	1.0	run-1
149	Q0	clueweb09-en0002-04-26897	12	1.0	run-1
149	Q0	clueweb09-en0002-06-10623	13	1.0	run-1
149	Q0	clueweb09-en0002-63-20850	14	1.0	run-1
149	Q0	clueweb09-en0002-83-28784	15	1.0	run-1
149	Q0	clueweb09-en0002-92-00594	16	1.0	run-1
149	Q0	clueweb09-en0002-94-17316	17	1.0	run-1
149	Q0	clueweb09-en0002-97-00021	18	1.0	run-1
149	Q0	clueweb09-en0003-01-26661	19	1.0	run-1
149	Q0	clueweb09-en0003-01-26766	20	1.0	run-1
149	Q0	clueweb09-en0003-01-26774	21	1.0	run-1
149	Q0	clueweb09-en0003-01-26775	22	1.0	run-1
149	Q0	clueweb09-en0003-01-26776	23	1.0	run-1
149	Q0	clueweb09-en0003-01-26777	24	1.0	run-1
149	Q0	clueweb09-en0003-01-26778	25	1.0	run-1
149	Q0	clueweb09-en0003-01-26781	26	1.0	run-1
149	Q0	clueweb09-en0003-01-26789	27	1.0	run-1
149	Q0	clueweb09-en0003-01-26791	28	1.0	run-1
149	Q0	clueweb09-en0003-01-26794	29	1.0	run-1
149	Q0	clueweb09-en0003-01-26795	30	1.0	run-1
149	Q0	clueweb09-en0003-01-26796	31	1.0	run-1
149	Q0	clueweb09-en0003-01-26797	32	1.0	run-1
149	Q0	clueweb09-en0003-01-26802	33	1.0	run-1
149	Q0	clueweb09-en0003-08-31941	34	1.0	run-1
149	Q0	clueweb09-en0003-43-16956	35	1.0	run-1
149	Q0	clueweb09-en0003-57-14820	36	1.0	run-1
149	Q0	clueweb09-en0004-20-31736	37	1.0	run-1
149	Q0	clueweb09-en0004-28-03201	38	1.0	run-1
149	Q0	clueweb09-en0004-31-10631	39	1.0	run-1
149	Q0	clueweb09-en0004-31-10693	40	1.0	run-1
149	Q0	clueweb09-en0004-31-10704	41	1.0	run-1
149	Q0	clueweb09-en0004-37-01750	42	1.0	run-1
149	Q0	clueweb09-en0004-48-14257	43	1.0	run-1
149	Q0	clueweb09-en0005-19-22028	44	1.0	run-1
149	Q0	clueweb09-en0005-84-28959	45	1.0	run-1
149	Q0	clueweb09-en0005-88-07146	46	1.0	run-1
149	Q0	clueweb09-en0005-99-18499	47	1.0	run-1
149	Q0	clueweb09-en0006-14-32778	48	1.0	run-1
149	Q0	clueweb09-en0006-36-32109	49	1.0	run-1
149	Q0	clueweb09-en0006-64-18367	50	1.0	run-1
149	Q0	clueweb09-en0006-74-20162	51	1.0	run-1
149	Q0	clueweb09-en0006-79-24044	52	1.0	run-1
149	Q0	clueweb09-en0007-01-26086	53	1.0	run-1
149	Q0	clueweb09-en0007-21-15570	54	1.0	run-1
149	Q0	clueweb09-en0008-10-11732	55	1.0	run-1
149	Q0	clueweb09-en0008-78-41161	56	1.0	run-1
149	Q0	clueweb09-en0008-78-41168	57	1.0	run-1
149	Q0	clueweb09-en0008-89-29303	58	1.0	run-1
149	Q0	clueweb09-en0009-20-07595	59	1.0	run-1
149	Q0	clueweb09-en0009-20-07613	60	1.0	run-1
149	Q0	clueweb09-en0009-25-22037	61	1.0	run-1
149	Q0	clueweb09-en0010-58-05004	62	1.0	run-1
149	Q0	clueweb09-en0011-14-20282	63	1.0	run-1
149	Q0	clueweb09-en0011-45-27440	64	1.0	run-1
149	Q0	clueweb09-en0011-45-31490	65	1.0	run-1
149	Q0	clueweb09-en0011-89-12276	66	1.0	run-1
149	Q0	clueweb09-en0011-89-12298	67	1.0	run-1
149	Q0	clueweb09-en0011-89-12300	68	1.0	run-1
149	Q0	clueweb09-en0011-89-12306	69	1.0	run-1
149	Q0	clueweb09-en0011-98-31791	70	1.0	run-1
149	Q0	clueweb09-en0011-98-31792	71	1.0	run-1
149	Q0	clueweb09-en0011-98-31793	72	1.0	run-1
149	Q0	clueweb09-enwp00-51-05282	73	1.0	run-1
149	Q0	clueweb09-enwp00-84-01049	74	1.0	run-1
149	Q0	clueweb09-enwp00-87-01051	75	1.0	run-1
149	Q0	clueweb09-enwp00-88-05350	76	1.0	run-1
149	Q0	clueweb09-enwp00-88-12116	77	1.0	run-1
149	Q0	clueweb09-enwp00-93-22802	78	1.0	run-1
149	Q0	clueweb09-enwp00-95-01480	79	1.0	run-1
149	Q0	clueweb09-enwp00-95-06351	80	1.0	run-1
149	Q0	clueweb09-enwp00-96-00650	81	1.0	run-1
149	Q0	clueweb09-enwp01-12-01737	82	1.0	run-1
149	Q0	clueweb09-enwp01-12-06619	83	1.0	run-1
149	Q0	clueweb09-enwp01-18-10595	84	1.0	run-1
149	Q0	clueweb09-enwp01-19-20384	85	1.0	run-1
149	Q0	clueweb09-enwp01-56-00580	86	1.0	run-1
149	Q0	clueweb09-enwp01-56-05396	87	1.0	run-1
149	Q0	clueweb09-enwp01-63-20048	88	1.0	run-1
149	Q0	clueweb09-enwp01-63-22706	89	1.0	run-1
149	Q0	clueweb09-enwp01-69-22643	90	1.0	run-1
149	Q0	clueweb09-enwp01-70-19331	91	1.0	run-1
149	Q0	clueweb09-enwp01-72-09379	92	1.0	run-1
149	Q0	clueweb09-enwp01-75-18817	93	1.0	run-1
149	Q0	clueweb09-enwp01-89-12933	94	1.0	run-1
149	Q0	clueweb09-enwp01-89-12938	95	1.0	run-1
149	Q0	clueweb09-enwp01-90-18659	96	1.0	run-1
149	Q0	clueweb09-enwp01-91-11160	97	1.0	run-1
149	Q0	clueweb09-enwp02-01-19234	98	1.0	run-1
149	Q0	clueweb09-enwp02-03-09456	99	1.0	run-1
149	Q0	clueweb09-enwp02-03-11920	100	1.0	run-1
190	Q0	clueweb09-en0000-18-21486	1	1.0	run-1
190	Q0	clueweb09-en0000-35-19942	2	1.0	run-1
190	Q0	clueweb09-en0000-50-19955	3	1.0	run-1
190	Q0	clueweb09-en0001-36-14245	4	1.0	run-1
190	Q0	clueweb09-en0001-43-19557	5	1.0	run-1
190	Q0	clueweb09-en0003-38-30237	6	1.0	run-1
190	Q0	clueweb09-en0003-67-02800	7	1.0	run-1
190	Q0	clueweb09-en0004-12-10145	8	1.0	run-1
190	Q0	clueweb09-en0004-42-40151	9	1.0	run-1
190	Q0	clueweb09-en0004-42-40299	10	1.0	run-1
190	Q0	clueweb09-en0004-65-06611	11	1.0	run-1
190	Q0	clueweb09-en0004-72-27061	12	1.0	run-1
190	Q0	clueweb09-en0004-72-27126	13	1.0	run-1
190	Q0	clueweb09-en0005-22-15471	14	1.0	run-1
190	Q0	clueweb09-en0005-61-23474	15	1.0	run-1
190	Q0	clueweb09-en0006-14-40073	16	1.0	run-1
190	Q0	clueweb09-en0006-16-02347	17	1.0	run-1
190	Q0	clueweb09-en0006-16-02366	18	1.0	run-1
190	Q0	clueweb09-en0006-16-02376	19	1.0	run-1
190	Q0	clueweb09-en0006-16-02377	20	1.0	run-1
190	Q0	clueweb09-en0006-16-02379	21	1.0	run-1
190	Q0	clueweb09-en0006-16-02386	22	1.0	run-1
190	Q0	clueweb09-en0006-16-02387	23	1.0	run-1
190	Q0	clueweb09-en0006-16-02388	24	1.0	run-1
190	Q0	clueweb09-en0006-16-02389	25	1.0	run-1
190	Q0	clueweb09-en0006-16-02392	26	1.0	run-1
190	Q0	clueweb09-en0006-16-02397	27	1.0	run-1
190	Q0	clueweb09-en0006-48-12486	28	1.0	run-1
190	Q0	clueweb09-en0006-48-12487	29	1.0	run-1
190	Q0	clueweb09-en0006-48-13234	30	1.0	run-1
190	Q0	clueweb09-en0006-48-13403	31	1.0	run-1
190	Q0	clueweb09-en0006-63-21300	32	1.0	run-1
190	Q0	clueweb09-en0006-70-16312	33	1.0	run-1
190	Q0	clueweb09-en0006-98-32840	34	1.0	run-1
190	Q0	clueweb09-en0006-98-32865	35	1.0	run-1
190	Q0	clueweb09-en0006-98-32888	36	1.0	run-1
190	Q0	clueweb09-en0007-24-07713	37	1.0	run-1
190	Q0	clueweb09-en0007-24-16254	38	1.0	run-1
190	Q0	clueweb09-en0007-24-16381	39	1.0	run-1
190	Q0	clueweb09-en0007-33-07214	40	1.0	run-1
190	Q0	clueweb09-en0007-94-02003	41	1.0	run-1
190	Q0	clueweb09-en0008-86-05086	42	1.0	run-1
190	Q0	clueweb09-en0009-15-22859	43	1.0	run-1
190	Q0	clueweb09-en0009-15-22865	44	1.0	run-1
190	Q0	clueweb09-en0009-24-04772	45	1.0	run-1
190	Q0	clueweb09-en0009-36-21774	46	1.0	run-1
190	Q0	clueweb09-en0009-36-21791	47	1.0	run-1
190	Q0	clueweb09-en0009-36-21792	48	1.0	run-1
190	Q0	clueweb09-en0009-36-21804	49	1.0	run-1
190	Q0	clueweb09-en0009-36-21810	50	1.0	run-1
190	Q0	clueweb09-en0009-36-21819	51	1.0	run-1
190	Q0	clueweb09-en0009-36-21864	52	1.0	run-1
190	Q0	clueweb09-en0009-36-21868	53	1.0	run-1
190	Q0	clueweb09-en0009-36-21883	54	1.0	run-1
190	Q0	clueweb09-en0009-36-21888	55	1.0	run-1
190	Q0	clueweb09-en0009-36-21889	56	1.0	run-1
190	Q0	clueweb09-en0009-62-38578	57	1.0	run-1
190	Q0	clueweb09-en0009-98-27243	58	1.0	run-1
190	Q0	clueweb09-en0009-98-27244	59	1.0	run-1
190	Q0	clueweb09-en0009-98-27245	60	1.0	run-1
190	Q0	clueweb09-en0010-07-23767	61	1.0	run-1
190	Q0	clueweb09-en0010-78-08853	62	1.0	run-1
190	Q0	clueweb09-en0010-98-25031	63	1.0	run-1
190	Q0	clueweb09-en0011-13-22789	64	1.0	run-1
190	Q0	clueweb09-en0011-20-22443	65	1.0	run-1
190	Q0	clueweb09-en0011-37-26826	66	1.0	run-1
190	Q0	clueweb09-en0011-85-08945	67	1.0	run-1
190	Q0	clueweb09-en0011-93-22031	68	1.0	run-1
190	Q0	clueweb09-en0011-93-22042	69	1.0	run-1
190	Q0	clueweb09-en0011-93-22072	70	1.0	run-1
