10	Q0	clueweb09-en0000-02-25067	1	1.0	run-1
10	Q0	clueweb09-en0000-02-25080	2	1.0	run-1
10	Q0	clueweb09-en0000-58-00646	3	1.0	run-1
10	Q0	clueweb09-en0000-92-27444	4	1.0	run-1
10	Q0	clueweb09-en0001-09-22625	5	1.0	run-1
10	Q0	clueweb09-en0001-09-22655	6	1.0	run-1
10	Q0	clueweb09-en0001-14-09672	7	1.0	run-1
10	Q0	clueweb09-en0001-18-32681	8	1.0	run-1
10	Q0	clueweb09-en0001-40-20393	9	1.0	run-1
10	Q0	clueweb09-en0001-89-33156	10	1.0	run-1
10	Q0	clueweb09-en0001-98-01610	11	1.0	run-1
10	Q0	clueweb09-en0003-07-27266	12	1.0	run-1
10	Q0	clueweb09-en0003-70-18242	13	1.0	run-1
10	Q0	clueweb09-en0004-68-04360	14	1.0	run-1
10	Q0	clueweb09-en0004-82-12306	15	1.0	run-1
10	Q0	clueweb09-en0004-82-12313	16	1.0	run-1
10	Q0	clueweb09-en0004-97-00040	17	1.0	run-1
10	Q0	clueweb09-en0005-02-39300	18	1.0	run-1
10	Q0	clueweb09-en0005-02-39304	19	1.0	run-1
10	Q0	clueweb09-en0005-02-39313	20	1.0	run-1
10	Q0	clueweb09-en0005-02-39318	21	1.0	run-1
10	Q0	clueweb09-en0005-08-29706	22	1.0	run-1
10	Q0	clueweb09-en0005-08-29722	23	1.0	run-1
10	Q0	clueweb09-en0005-08-29723	24	1.0	run-1
10	Q0	clueweb09-en0005-47-05526	25	1.0	run-1
10	Q0	clueweb09-en0005-98-13925	26	1.0	run-1
10	Q0	clueweb09-en0006-19-03196	27	1.0	run-1
10	Q0	clueweb09-en0006-27-34356	28	1.0	run-1
10	Q0	clueweb09-en0006-39-34119	29	1.0	run-1
10	Q0	clueweb09-en0007-21-06706	30	1.0	run-1
10	Q0	clueweb09-en0007-26-33126	31	1.0	run-1
10	Q0	clueweb09-en0007-45-13886	32	1.0	run-1
10	Q0	clueweb09-en0007-45-13906	33	1.0	run-1
10	Q0	clueweb09-en0007-94-02032	34	1.0	run-1
10	Q0	clueweb09-en0008-08-09366	35	1.0	run-1
10	Q0	clueweb09-en0008-08-33914	36	1.0	run-1
10	Q0	clueweb09-en0008-66-06215	37	1.0	run-1
10	Q0	clueweb09-en0009-11-21683	38	1.0	run-1
10	Q0	clueweb09-en0009-14-23509	39	1.0	run-1
10	Q0	clueweb09-en0009-14-23510	40	1.0	run-1
10	Q0	clueweb09-en0009-14-23511	41	1.0	run-1
10	Q0	clueweb09-en0009-35-15008	42	1.0	run-1
10	Q0	clueweb09-en0010-44-25654	43	1.0	run-1
10	Q0	clueweb09-en0010-50-28833	44	1.0	run-1
10	Q0	clueweb09-en0010-98-25031	45	1.0	run-1
10	Q0	clueweb09-en0011-10-02807	46	1.0	run-1
10	Q0	clueweb09-en0011-68-08948	47	1.0	run-1
12	Q0	clueweb09-en0000-00-01559	1	1.0	run-1
12	Q0	clueweb09-en0000-00-03983	2	1.0	run-1
12	Q0	clueweb09-en0000-00-04866	3	1.0	run-1
12	Q0	clueweb09-en0000-00-32500	4	1.0	run-1
12	Q0	clueweb09-en0000-00-32501	5	1.0	run-1
12	Q0	clueweb09-en0000-03-01136	6	1.0	run-1
12	Q0	clueweb09-en0000-08-01788	7	1.0	run-1
12	Q0	clueweb09-en0000-19-26475	8	1.0	run-1
12	Q0	clueweb09-en0000-19-26478	9	1.0	run-1
12	Q0	clueweb09-en0000-21-01104	10	1.0	run-1
12	Q0	clueweb09-en0000-21-23456	11	1.0	run-1
12	Q0	clueweb09-en0000-23-08378	12	1.0	run-1
12	Q0	clueweb09-en0000-25-06212	13	1.0	run-1
12	Q0	clueweb09-en0000-30-10221	14	1.0	run-1
12	Q0	clueweb09-en0000-30-10224	15	1.0	run-1
12	Q0	clueweb09-en0000-31-06208	16	1.0	run-1
12	Q0	clueweb09-en0000-31-06295	17	1.0	run-1
12	Q0	clueweb09-en0000-36-01495	18	1.0	run-1
12	Q0	clueweb09-en0000-40-16646	19	1.0	run-1
12	Q0	clueweb09-en0000-42-09780	20	1.0	run-1
12	Q0	clueweb09-en0000-51-30431	21	1.0	run-1
12	Q0	clueweb09-en0000-55-26962	22	1.0	run-1
12	Q0	clueweb09-en0000-59-01310	23	1.0	run-1
12	Q0	clueweb09-en0000-59-01323	24	1.0	run-1
12	Q0	clueweb09-en0000-59-01422	25	1.0	run-1
12	Q0	clueweb09-en0000-59-01467	26	1.0	run-1
12	Q0	clueweb09-en0000-59-01577	27	1.0	run-1
12	Q0	clueweb09-en0000-59-01663	28	1.0	run-1
12	Q0	clueweb09-en0000-59-01775	29	1.0	run-1
12	Q0	clueweb09-en0000-66-00500	30	1.0	run-1
12	Q0	clueweb09-en0000-66-00516	31	1.0	run-1
12	Q0	clueweb09-en0000-66-00536	32	1.0	run-1
12	Q0	clueweb09-en0000-66-00539	33	1.0	run-1
12	Q0	clueweb09-en0000-66-00555	34	1.0	run-1
12	Q0	clueweb09-en0000-73-29510	35	1.0	run-1
12	Q0	clueweb09-en0000-75-24865	36	1.0	run-1
12	Q0	clueweb09-en0000-77-04868	37	1.0	run-1
12	Q0	clueweb09-en0000-77-05197	38	1.0	run-1
12	Q0	clueweb09-en0000-78-07908	39	1.0	run-1
12	Q0	clueweb09-en0000-80-23543	40	1.0	run-1
12	Q0	clueweb09-en0000-86-22499	41	1.0	run-1
12	Q0	clueweb09-en0000-87-14835	42	1.0	run-1
12	Q0	clueweb09-en0000-88-12799	43	1.0	run-1
12	Q0	clueweb09-en0001-07-00366	44	1.0	run-1
12	Q0	clueweb09-en0001-15-14606	45	1.0	run-1
12	Q0	clueweb09-en0001-15-14607	46	1.0	run-1
12	Q0	clueweb09-en0001-16-05606	47	1.0	run-1
12	Q0	clueweb09-en0001-19-12547	48	1.0	run-1
12	Q0	clueweb09-en0001-19-22307	49	1.0	run-1
12	Q0	clueweb09-en0001-20-19410	50	1.0	run-1
12	Q0	clueweb09-en0001-21-18593	51	1.0	run-1
12	Q0	clueweb09-en0001-22-16394	52	1.0	run-1
12	Q0	clueweb09-en0001-25-05147	53	1.0	run-1
12	Q0	clueweb09-en0001-26-30171	54	1.0	run-1
12	Q0	clueweb09-en0001-27-26515	55	1.0	run-1
12	Q0	clueweb09-en0001-28-07248	56	1.0	run-1
12	Q0	clueweb09-en0001-32-12695	57	1.0	run-1
12	Q0	clueweb09-en0001-33-05239	58	1.0	run-1
12	Q0	clueweb09-en0001-34-08517	59	1.0	run-1
12	Q0	clueweb09-en0001-34-08526	60	1.0	run-1
12	Q0	clueweb09-en0001-39-05199	61	1.0	run-1
12	Q0	clueweb09-en0001-42-28876	62	1.0	run-1
12	Q0	clueweb09-en0001-46-02815	63	1.0	run-1
12	Q0	clueweb09-en0001-49-16249	64	1.0	run-1
12	Q0	clueweb09-en0001-50-01746	65	1.0	run-1
12	Q0	clueweb09-en0001-50-05575	66	1.0	run-1
12	Q0	clueweb09-en0001-51-15095	67	1.0	run-1
12	Q0	clueweb09-en0001-52-11116	68	1.0	run-1
12	Q0	clueweb09-en0001-58-08463	69	1.0	run-1
12	Q0	clueweb09-en0001-66-14335	70	1.0	run-1
12	Q0	clueweb09-en0001-72-19329	71	1.0	run-1
12	Q0	clueweb09-en0001-74-11866	72	1.0	run-1
12	Q0	clueweb09-en0001-74-19293	73	1.0	run-1
12	Q0	clueweb09-en0001-74-23728	74	1.0	run-1
12	Q0	clueweb09-en0001-77-08371	75	1.0	run-1
12	Q0	clueweb09-en0001-77-08373	76	1.0	run-1
12	Q0	clueweb09-en0001-86-08198	77	1.0	run-1
12	Q0	clueweb09-en0001-88-19994	78	1.0	run-1
12	Q0	clueweb09-en0001-90-08680	79	1.0	run-1
12	Q0	clueweb09-en0001-90-10231	80	1.0	run-1
12	Q0	clueweb09-en0001-96-02286	81	1.0	run-1
12	Q0	clueweb09-en0001-98-28193	82	1.0	run-1
12	Q0	clueweb09-en0001-99-11002	83	1.0	run-1
12	Q0	clueweb09-en0002-02-31570	84	1.0	run-1
12	Q0	clueweb09-en0002-06-15412	85	1.0	run-1
12	Q0	clueweb09-en0002-10-13009	86	1.0	run-1
12	Q0	clueweb09-en0002-15-19281	87	1.0	run-1
12	Q0	clueweb09-en0002-27-30478	88	1.0	run-1
12	Q0	clueweb09-en0002-30-03867	89	1.0	run-1
12	Q0	clueweb09-en0002-30-03874	90	1.0	run-1
12	Q0	clueweb09-en0002-30-03882	91	1.0	run-1
12	Q0	clueweb09-en0002-33-15711	92	1.0	run-1
12	Q0	clueweb09-en0002-35-14519	93	1.0	run-1
12	Q0	clueweb09-en0002-42-23536	94	1.0	run-1
12	Q0	clueweb09-en0002-49-09615	95	1.0	run-1
12	Q0	clueweb09-en0002-49-15136	96	1.0	run-1
12	Q0	clueweb09-en0002-52-06245	97	1.0	run-1
12	Q0	clueweb09-en0002-54-32298	98	1.0	run-1
12	Q0	clueweb09-en0002-55-23589	99	1.0	run-1
12	Q0	clueweb09-en0002-60-00995	100	1.0	run-1
26	Q0	clueweb09-en0000-04-00579	1	1.0	run-1
26	Q0	clueweb09-en0000-04-01322	2	1.0	run-1
26	Q0	clueweb09-en0000-09-08810	3	1.0	run-1
26	Q0	clueweb09-en0000-09-08859	4	1.0	run-1
26	Q0	clueweb09-en0000-09-09260	5	1.0	run-1
26	Q0	clueweb09-en0000-10-08336	6	1.0	run-1
26	Q0	clueweb09-en0000-13-02825	7	1.0	run-1
26	Q0	clueweb09-en0000-17-01012	8	1.0	run-1
26	Q0	clueweb09-en0000-17-26052	9	1.0	run-1
26	Q0	clueweb09-en0000-32-03992	10	1.0	run-1
26	Q0	clueweb09-en0001-05-26702	11	1.0	run-1
26	Q0	clueweb09-en0001-17-15996	12	1.0	run-1
26	Q0	clueweb09-en0001-20-13960	13	1.0	run-1
26	Q0	clueweb09-en0001-28-23732	14	1.0	run-1
26	Q0	clueweb09-en0001-66-14262	15	1.0	run-1
26	Q0	clueweb09-en0001-69-04835	16	1.0	run-1
26	Q0	clueweb09-en0001-80-10580	17	1.0	run-1
26	Q0	clueweb09-en0002-53-30927	18	1.0	run-1
26	Q0	clueweb09-en0002-61-26813	19	1.0	run-1
26	Q0	clueweb09-en0003-27-25448	20	1.0	run-1
26	Q0	clueweb09-en0003-37-21358	21	1.0	run-1
26	Q0	clueweb09-en0003-63-01674	22	1.0	run-1
26	Q0	clueweb09-en0004-02-17099	23	1.0	run-1
26	Q0	clueweb09-en0004-56-11923	24	1.0	run-1
26	Q0	clueweb09-en0004-66-13153	25	1.0	run-1
26	Q0	clueweb09-en0004-89-18068	26	1.0	run-1
26	Q0	clueweb09-en0005-08-41696	27	1.0	run-1
26	Q0	clueweb09-en0005-30-34026	28	1.0	run-1
26	Q0	clueweb09-en0005-30-34557	29	1.0	run-1
26	Q0	clueweb09-en0005-41-07017	30	1.0	run-1
26	Q0	clueweb09-en0005-56-01195	31	1.0	run-1
26	Q0	clueweb09-en0005-65-31815	32	1.0	run-1
26	Q0	clueweb09-en0005-67-17610	33	1.0	run-1
26	Q0	clueweb09-en0005-75-10536	34	1.0	run-1
26	Q0	clueweb09-en0006-09-21064	35	1.0	run-1
26	Q0	clueweb09-en0006-28-21273	36	1.0	run-1
26	Q0	clueweb09-en0006-69-21516	37	1.0	run-1
26	Q0	clueweb09-en0006-76-14732	38	1.0	run-1
26	Q0	clueweb09-en0007-00-06356	39	1.0	run-1
26	Q0	clueweb09-en0007-13-30672	40	1.0	run-1
26	Q0	clueweb09-en0007-15-40215	41	1.0	run-1
26	Q0	clueweb09-en0007-27-31942	42	1.0	run-1
26	Q0	clueweb09-en0007-27-32114	43	1.0	run-1
26	Q0	clueweb09-en0007-27-32254	44	1.0	run-1
26	Q0	clueweb09-en0007-32-33911	45	1.0	run-1
26	Q0	clueweb09-en0007-37-13980	46	1.0	run-1
26	Q0	clueweb09-en0007-51-19957	47	1.0	run-1
26	Q0	clueweb09-en0007-57-19603	48	1.0	run-1
26	Q0	clueweb09-en0007-62-27861	49	1.0	run-1
26	Q0	clueweb09-en0008-24-10533	50	1.0	run-1
26	Q0	clueweb09-en0008-80-03421	51	1.0	run-1
26	Q0	clueweb09-en0009-03-09293	52	1.0	run-1
26	Q0	clueweb09-en0009-39-04977	53	1.0	run-1
26	Q0	clueweb09-en0009-49-11296	54	1.0	run-1
26	Q0	clueweb09-en0009-50-41295	55	1.0	run-1
26	Q0	clueweb09-en0009-57-43610	56	1.0	run-1
26	Q0	clueweb09-en0009-64-01781	57	1.0	run-1
26	Q0	clueweb09-en0010-06-01799	58	1.0	run-1
26	Q0	clueweb09-en0010-15-11576	59	1.0	run-1
26	Q0	clueweb09-en0010-20-30538	60	1.0	run-1
26	Q0	clueweb09-en0010-75-02171	61	1.0	run-1
26	Q0	clueweb09-en0010-79-07921	62	1.0	run-1
26	Q0	clueweb09-en0011-09-07090	63	1.0	run-1
26	Q0	clueweb09-en0011-58-19607	64	1.0	run-1
26	Q0	clueweb09-en0011-68-21774	65	1.0	run-1
26	Q0	clueweb09-en0011-68-21789	66	1.0	run-1
26	Q0	clueweb09-en0011-89-14409	67	1.0	run-1
26	Q0	clueweb09-en0011-94-03897	68	1.0	run-1
26	Q0	clueweb09-en0011-99-23972	69	1.0	run-1
26	Q0	clueweb09-enwp00-02-10824	70	1.0	run-1
26	Q0	clueweb09-enwp00-15-10360	71	1.0	run-1
26	Q0	clueweb09-enwp00-23-09526	72	1.0	run-1
26	Q0	clueweb09-enwp00-25-10150	73	1.0	run-1
26	Q0	clueweb09-enwp00-26-09119	74	1.0	run-1
26	Q0	clueweb09-enwp00-26-09141	75	1.0	run-1
26	Q0	clueweb09-enwp00-29-09599	76	1.0	run-1
26	Q0	clueweb09-enwp00-30-09674	77	1.0	run-1
26	Q0	clueweb09-enwp00-30-09685	78	1.0	run-1
26	Q0	clueweb09-enwp00-31-09883	79	1.0	run-1
26	Q0	clueweb09-enwp00-32-03242	80	1.0	run-1
26	Q0	clueweb09-enwp00-33-09646	81	1.0	run-1
26	Q0	clueweb09-enwp00-36-03612	82	1.0	run-1
26	Q0	clueweb09-enwp00-37-09773	83	1.0	run-1
26	Q0	clueweb09-enwp00-44-10661	84	1.0	run-1
26	Q0	clueweb09-enwp00-48-04101	85	1.0	run-1
26	Q0	clueweb09-enwp00-54-12724	86	1.0	run-1
26	Q0	clueweb09-enwp00-65-22012	87	1.0	run-1
26	Q0	clueweb09-enwp00-66-15403	88	1.0	run-1
26	Q0	clueweb09-enwp00-69-15070	89	1.0	run-1
26	Q0	clueweb09-enwp00-69-15074	90	1.0	run-1
26	Q0	clueweb09-enwp00-70-14616	91	1.0	run-1
26	Q0	clueweb09-enwp00-70-15072	92	1.0	run-1
26	Q0	clueweb09-enwp00-71-14705	93	1.0	run-1
26	Q0	clueweb09-enwp00-73-15359	94	1.0	run-1
26	Q0	clueweb09-enwp00-74-14630	95	1.0	run-1
26	Q0	clueweb09-enwp00-75-15331	96	1.0	run-1
26	Q0	clueweb09-enwp00-76-16004	97	1.0	run-1
26	Q0	clueweb09-enwp00-82-22880	98	1.0	run-1
26	Q0	clueweb09-enwp01-01-10150	99	1.0	run-1
26	Q0	clueweb09-enwp01-20-10661	100	1.0	run-1
29	Q0	clueweb09-en0000-03-22156	1	1.0	run-1
29	Q0	clueweb09-en0000-04-30449	2	1.0	run-1
29	Q0	clueweb09-en0000-06-15649	3	1.0	run-1
29	Q0	clueweb09-en0000-10-27634	4	1.0	run-1
29	Q0	clueweb09-en0000-12-29647	5	1.0	run-1
29	Q0	clueweb09-en0000-13-25081	6	1.0	run-1
29	Q0	clueweb09-en0000-14-22843	7	1.0	run-1
29	Q0	clueweb09-en0000-14-22844	8	1.0	run-1
29	Q0	clueweb09-en0000-14-22890	9	1.0	run-1
29	Q0	clueweb09-en0000-34-15585	10	1.0	run-1
29	Q0	clueweb09-en0000-37-06356	11	1.0	run-1
29	Q0	clueweb09-en0000-38-06891	12	1.0	run-1
29	Q0	clueweb09-en0000-47-12893	13	1.0	run-1
29	Q0	clueweb09-en0000-51-01622	14	1.0	run-1
29	Q0	clueweb09-en0000-56-34448	15	1.0	run-1
29	Q0	clueweb09-en0000-63-18349	16	1.0	run-1
29	Q0	clueweb09-en0000-64-31354	17	1.0	run-1
29	Q0	clueweb09-en0000-69-19969	18	1.0	run-1
29	Q0	clueweb09-en0000-77-18405	19	1.0	run-1
29	Q0	clueweb09-en0000-77-19649	20	1.0	run-1
29	Q0	clueweb09-en0000-78-29600	21	1.0	run-1
29	Q0	clueweb09-en0000-89-09781	22	1.0	run-1
29	Q0	clueweb09-en0000-90-07825	23	1.0	run-1
29	Q0	clueweb09-en0000-93-19566	24	1.0	run-1
29	Q0	clueweb09-en0000-96-00013	25	1.0	run-1
29	Q0	clueweb09-en0000-99-06358	26	1.0	run-1
29	Q0	clueweb09-en0001-00-25503	27	1.0	run-1
29	Q0	clueweb09-en0001-02-19735	28	1.0	run-1
29	Q0	clueweb09-en0001-09-13594	29	1.0	run-1
29	Q0	clueweb09-en0001-09-13650	30	1.0	run-1
29	Q0	clueweb09-en0001-10-12999	31	1.0	run-1
29	Q0	clueweb09-en0001-13-16286	32	1.0	run-1
29	Q0	clueweb09-en0001-22-03095	33	1.0	run-1
29	Q0	clueweb09-en0001-24-06988	34	1.0	run-1
29	Q0	clueweb09-en0001-25-13687	35	1.0	run-1
29	Q0	clueweb09-en0001-26-27648	36	1.0	run-1
29	Q0	clueweb09-en0001-26-27688	37	1.0	run-1
29	Q0	clueweb09-en0001-30-19050	38	1.0	run-1
29	Q0	clueweb09-en0001-45-22371	39	1.0	run-1
29	Q0	clueweb09-en0001-46-17667	40	1.0	run-1
29	Q0	clueweb09-en0001-48-17430	41	1.0	run-1
29	Q0	clueweb09-en0001-48-17753	42	1.0	run-1
29	Q0	clueweb09-en0001-50-19267	43	1.0	run-1
29	Q0	clueweb09-en0001-52-07162	44	1.0	run-1
29	Q0	clueweb09-en0001-74-27224	45	1.0	run-1
29	Q0	clueweb09-en0001-79-11354	46	1.0	run-1
29	Q0	clueweb09-en0001-83-10414	47	1.0	run-1
29	Q0	clueweb09-en0001-83-10443	48	1.0	run-1
29	Q0	clueweb09-en0001-83-10496	49	1.0	run-1
29	Q0	clueweb09-en0001-83-10576	50	1.0	run-1
29	Q0	clueweb09-en0001-83-10587	51	1.0	run-1
29	Q0	clueweb09-en0001-83-10877	52	1.0	run-1
29	Q0	clueweb09-en0001-83-10964	53	1.0	run-1
29	Q0	clueweb09-en0001-83-11003	54	1.0	run-1
29	Q0	clueweb09-en0001-86-03895	55	1.0	run-1
29	Q0	clueweb09-en0001-87-20051	56	1.0	run-1
29	Q0	clueweb09-en0001-88-03530	57	1.0	run-1
29	Q0	clueweb09-en0001-92-12524	58	1.0	run-1
29	Q0	clueweb09-en0001-94-21447	59	1.0	run-1
29	Q0	clueweb09-en0001-96-00595	60	1.0	run-1
29	Q0	clueweb09-en0001-99-12888	61	1.0	run-1
29	Q0	clueweb09-en0002-02-25359	62	1.0	run-1
29	Q0	clueweb09-en0002-06-14897	63	1.0	run-1
29	Q0	clueweb09-en0002-06-14898	64	1.0	run-1
29	Q0	clueweb09-en0002-11-21657	65	1.0	run-1
29	Q0	clueweb09-en0002-17-27274	66	1.0	run-1
29	Q0	clueweb09-en0002-17-27340	67	1.0	run-1
29	Q0	clueweb09-en0002-17-27342	68	1.0	run-1
29	Q0	clueweb09-en0002-17-27365	69	1.0	run-1
29	Q0	clueweb09-en0002-28-18041	70	1.0	run-1
29	Q0	clueweb09-en0002-36-31107	71	1.0	run-1
29	Q0	clueweb09-en0002-66-02799	72	1.0	run-1
29	Q0	clueweb09-en0002-70-06799	73	1.0	run-1
29	Q0	clueweb09-en0002-70-25149	74	1.0	run-1
29	Q0	clueweb09-en0002-70-25158	75	1.0	run-1
29	Q0	clueweb09-en0002-70-25169	76	1.0	run-1
29	Q0	clueweb09-en0002-70-25187	77	1.0	run-1
29	Q0	clueweb09-en0002-74-31772	78	1.0	run-1
29	Q0	clueweb09-en0002-81-23066	79	1.0	run-1
29	Q0	clueweb09-en0002-81-26338	80	1.0	run-1
29	Q0	clueweb09-en0002-84-22841	81	1.0	run-1
29	Q0	clueweb09-en0002-86-23093	82	1.0	run-1
29	Q0	clueweb09-en0002-92-16869	83	1.0	run-1
29	Q0	clueweb09-en0003-04-18326	84	1.0	run-1
29	Q0	clueweb09-en0003-04-18347	85	1.0	run-1
29	Q0	clueweb09-en0003-04-18472	86	1.0	run-1
29	Q0	clueweb09-en0003-04-18485	87	1.0	run-1
29	Q0	clueweb09-en0003-04-18560	88	1.0	run-1
29	Q0	clueweb09-en0003-07-29944	89	1.0	run-1
29	Q0	clueweb09-en0003-09-04046	90	1.0	run-1
29	Q0	clueweb09-en0003-09-04139	91	1.0	run-1
29	Q0	clueweb09-en0003-09-04166	92	1.0	run-1
29	Q0	clueweb09-en0003-09-04221	93	1.0	run-1
29	Q0	clueweb09-en0003-11-20836	94	1.0	run-1
29	Q0	clueweb09-en0003-13-14209	95	1.0	run-1
29	Q0	clueweb09-en0003-18-34649	96	1.0	run-1
29	Q0	clueweb09-en0003-26-19419	97	1.0	run-1
29	Q0	clueweb09-en0003-31-02358	98	1.0	run-1
29	Q0	clueweb09-en0003-34-12920	99	1.0	run-1
29	Q0	clueweb09-en0003-35-12742	100	1.0	run-1
33	Q0	clueweb09-en0000-00-17610	1	1.0	run-1
33	Q0	clueweb09-en0000-04-07251	2	1.0	run-1
33	Q0	clueweb09-en0000-08-13384	3	1.0	run-1
33	Q0	clueweb09-en0000-09-05052	4	1.0	run-1
33	Q0	clueweb09-en0000-09-09199	5	1.0	run-1
33	Q0	clueweb09-en0000-14-16447	6	1.0	run-1
33	Q0	clueweb09-en0000-17-11679	7	1.0	run-1
33	Q0	clueweb09-en0000-21-16644	8	1.0	run-1
33	Q0	clueweb09-en0000-21-16999	9	1.0	run-1
33	Q0	clueweb09-en0000-21-30291	10	1.0	run-1
33	Q0	clueweb09-en0000-22-13637	11	1.0	run-1
33	Q0	clueweb09-en0000-31-15490	12	1.0	run-1
33	Q0	clueweb09-en0000-43-29821	13	1.0	run-1
33	Q0	clueweb09-en0000-43-29831	14	1.0	run-1
33	Q0	clueweb09-en0000-44-19645	15	1.0	run-1
33	Q0	clueweb09-en0000-46-29425	16	1.0	run-1
33	Q0	clueweb09-en0000-49-03445	17	1.0	run-1
33	Q0	clueweb09-en0000-49-03463	18	1.0	run-1
33	Q0	clueweb09-en0000-50-05332	19	1.0	run-1
33	Q0	clueweb09-en0000-52-02997	20	1.0	run-1
33	Q0	clueweb09-en0000-57-11374	21	1.0	run-1
33	Q0	clueweb09-en0000-63-24417	22	1.0	run-1
33	Q0	clueweb09-en0000-64-21770	23	1.0	run-1
33	Q0	clueweb09-en0000-64-21806	24	1.0	run-1
33	Q0	clueweb09-en0000-66-03777	25	1.0	run-1
33	Q0	clueweb09-en0000-67-06120	26	1.0	run-1
33	Q0	clueweb09-en0000-78-00955	27	1.0	run-1
33	Q0	clueweb09-en0000-90-00811	28	1.0	run-1
33	Q0	clueweb09-en0000-91-31361	29	1.0	run-1
33	Q0	clueweb09-en0000-92-26062	30	1.0	run-1
33	Q0	clueweb09-en0000-94-16958	31	1.0	run-1
33	Q0	clueweb09-en0000-96-20047	32	1.0	run-1
33	Q0	clueweb09-en0001-05-26702	33	1.0	run-1
33	Q0	clueweb09-en0001-05-27683	34	1.0	run-1
33	Q0	clueweb09-en0001-05-27684	35	1.0	run-1
33	Q0	clueweb09-en0001-05-27710	36	1.0	run-1
33	Q0	clueweb09-en0001-05-27711	37	1.0	run-1
33	Q0	clueweb09-en0001-08-02144	38	1.0	run-1
33	Q0	clueweb09-en0001-23-04021	39	1.0	run-1
33	Q0	clueweb09-en0001-24-28991	40	1.0	run-1
33	Q0	clueweb09-en0001-24-29273	41	1.0	run-1
33	Q0	clueweb09-en0001-26-12652	42	1.0	run-1
33	Q0	clueweb09-en0001-32-21080	43	1.0	run-1
33	Q0	clueweb09-en0001-32-22629	44	1.0	run-1
33	Q0	clueweb09-en0001-37-09812	45	1.0	run-1
33	Q0	clueweb09-en0001-37-09828	46	1.0	run-1
33	Q0	clueweb09-en0001-37-09881	47	1.0	run-1
33	Q0	clueweb09-en0001-39-20776	48	1.0	run-1
33	Q0	clueweb09-en0001-52-10594	49	1.0	run-1
33	Q0	clueweb09-en0001-55-13913	50	1.0	run-1
33	Q0	clueweb09-en0001-56-01105	51	1.0	run-1
33	Q0	clueweb09-en0001-61-27777	52	1.0	run-1
33	Q0	clueweb09-en0001-66-06858	53	1.0	run-1
33	Q0	clueweb09-en0001-69-11358	54	1.0	run-1
33	Q0	clueweb09-en0001-72-19849	55	1.0	run-1
33	Q0	clueweb09-en0001-73-12528	56	1.0	run-1
33	Q0	clueweb09-en0001-73-31267	57	1.0	run-1
33	Q0	clueweb09-en0001-74-30636	58	1.0	run-1
33	Q0	clueweb09-en0001-77-00453	59	1.0	run-1
33	Q0	clueweb09-en0001-78-16653	60	1.0	run-1
33	Q0	clueweb09-en0001-78-16734	61	1.0	run-1
33	Q0	clueweb09-en0001-84-08947	62	1.0	run-1
33	Q0	clueweb09-en0001-89-32826	63	1.0	run-1
33	Q0	clueweb09-en0001-90-02980	64	1.0	run-1
33	Q0	clueweb09-en0002-02-25396	65	1.0	run-1
33	Q0	clueweb09-en0002-10-20000	66	1.0	run-1
33	Q0	clueweb09-en0002-11-32854	67	1.0	run-1
33	Q0	clueweb09-en0002-12-31786	68	1.0	run-1
33	Q0	clueweb09-en0002-15-18756	69	1.0	run-1
33	Q0	clueweb09-en0002-19-37517	70	1.0	run-1
33	Q0	clueweb09-en0002-20-25248	71	1.0	run-1
33	Q0	clueweb09-en0002-20-32093	72	1.0	run-1
33	Q0	clueweb09-en0002-25-15510	73	1.0	run-1
33	Q0	clueweb09-en0002-28-35275	74	1.0	run-1
33	Q0	clueweb09-en0002-28-35284	75	1.0	run-1
33	Q0	clueweb09-en0002-28-35563	76	1.0	run-1
33	Q0	clueweb09-en0002-37-36385	77	1.0	run-1
33	Q0	clueweb09-en0002-43-06943	78	1.0	run-1
33	Q0	clueweb09-en0002-44-08228	79	1.0	run-1
33	Q0	clueweb09-en0002-44-12928	80	1.0	run-1
33	Q0	clueweb09-en0002-53-27047	81	1.0	run-1
33	Q0	clueweb09-en0002-61-09765	82	1.0	run-1
33	Q0	clueweb09-en0002-69-19418	83	1.0	run-1
33	Q0	clueweb09-en0002-70-28547	84	1.0	run-1
33	Q0	clueweb09-en0002-71-21349	85	1.0	run-1
33	Q0	clueweb09-en0002-75-28930	86	1.0	run-1
33	Q0	clueweb09-en0002-76-35029	87	1.0	run-1
33	Q0	clueweb09-en0002-88-18378	88	1.0	run-1
33	Q0	clueweb09-en0002-88-20199	89	1.0	run-1
33	Q0	clueweb09-en0002-88-20218	90	1.0	run-1
33	Q0	clueweb09-en0003-01-11117	91	1.0	run-1
33	Q0	clueweb09-en0003-04-22932	92	1.0	run-1
33	Q0	clueweb09-en0003-05-13637	93	1.0	run-1
33	Q0	clueweb09-en0003-06-03814	94	1.0	run-1
33	Q0	clueweb09-en0003-06-03892	95	1.0	run-1
33	Q0	clueweb09-en0003-06-03910	96	1.0	run-1
33	Q0	clueweb09-en0003-13-14425	97	1.0	run-1
33	Q0	clueweb09-en0003-13-14874	98	1.0	run-1
33	Q0	clueweb09-en0003-15-30300	99	1.0	run-1
33	Q0	clueweb09-en0003-21-04324	100	1.0	run-1
52	Q0	clueweb09-en0000-06-04188	1	1.0	run-1
52	Q0	clueweb09-en0000-10-08340	2	1.0	run-1
52	Q0	clueweb09-en0000-11-19507	3	1.0	run-1
52	Q0	clueweb09-en0000-11-21854	4	1.0	run-1
52	Q0	clueweb09-en0000-14-14494	5	1.0	run-1
52	Q0	clueweb09-en0000-24-09037	6	1.0	run-1
52	Q0	clueweb09-en0000-28-03615	7	1.0	run-1
52	Q0	clueweb09-en0000-29-12342	8	1.0	run-1
52	Q0	clueweb09-en0000-29-12343	9	1.0	run-1
52	Q0	clueweb09-en0000-29-12344	10	1.0	run-1
52	Q0	clueweb09-en0000-29-12345	11	1.0	run-1
52	Q0	clueweb09-en0000-29-12346	12	1.0	run-1
52	Q0	clueweb09-en0000-39-22782	13	1.0	run-1
52	Q0	clueweb09-en0000-41-10714	14	1.0	run-1
52	Q0	clueweb09-en0000-43-14679	15	1.0	run-1
52	Q0	clueweb09-en0000-47-14548	16	1.0	run-1
52	Q0	clueweb09-en0000-47-14551	17	1.0	run-1
52	Q0	clueweb09-en0000-47-14558	18	1.0	run-1
52	Q0	clueweb09-en0000-51-12374	19	1.0	run-1
52	Q0	clueweb09-en0000-51-12375	20	1.0	run-1
52	Q0	clueweb09-en0000-51-12376	21	1.0	run-1
52	Q0	clueweb09-en0000-51-12377	22	1.0	run-1
52	Q0	clueweb09-en0000-51-12378	23	1.0	run-1
52	Q0	clueweb09-en0000-51-12379	24	1.0	run-1
52	Q0	clueweb09-en0000-51-12381	25	1.0	run-1
52	Q0	clueweb09-en0000-53-12244	26	1.0	run-1
52	Q0	clueweb09-en0000-54-14011	27	1.0	run-1
52	Q0	clueweb09-en0000-54-14063	28	1.0	run-1
52	Q0	clueweb09-en0000-56-34019	29	1.0	run-1
52	Q0	clueweb09-en0000-59-24289	30	1.0	run-1
52	Q0	clueweb09-en0000-60-13644	31	1.0	run-1
52	Q0	clueweb09-en0000-60-13646	32	1.0	run-1
52	Q0	clueweb09-en0000-60-13653	33	1.0	run-1
52	Q0	clueweb09-en0000-60-13654	34	1.0	run-1
52	Q0	clueweb09-en0000-60-13658	35	1.0	run-1
52	Q0	clueweb09-en0000-60-13661	36	1.0	run-1
52	Q0	clueweb09-en0000-60-13662	37	1.0	run-1
52	Q0	clueweb09-en0000-63-15921	38	1.0	run-1
52	Q0	clueweb09-en0000-65-07473	39	1.0	run-1
52	Q0	clueweb09-en0000-66-00539	40	1.0	run-1
52	Q0	clueweb09-en0000-70-27853	41	1.0	run-1
52	Q0	clueweb09-en0000-71-06214	42	1.0	run-1
52	Q0	clueweb09-en0000-76-11594	43	1.0	run-1
52	Q0	clueweb09-en0000-77-18405	44	1.0	run-1
52	Q0	clueweb09-en0000-88-13018	45	1.0	run-1
52	Q0	clueweb09-en0000-88-16574	46	1.0	run-1
52	Q0	clueweb09-en0001-01-28406	47	1.0	run-1
52	Q0	clueweb09-en0001-02-34249	48	1.0	run-1
52	Q0	clueweb09-en0001-17-33006	49	1.0	run-1
52	Q0	clueweb09-en0001-30-19050	50	1.0	run-1
52	Q0	clueweb09-en0001-34-01645	51	1.0	run-1
52	Q0	clueweb09-en0001-35-02166	52	1.0	run-1
52	Q0	clueweb09-en0001-35-02171	53	1.0	run-1
52	Q0	clueweb09-en0001-40-04939	54	1.0	run-1
52	Q0	clueweb09-en0001-46-26419	55	1.0	run-1
52	Q0	clueweb09-en0001-48-31336	56	1.0	run-1
52	Q0	clueweb09-en0001-53-21005	57	1.0	run-1
52	Q0	clueweb09-en0001-54-11021	58	1.0	run-1
52	Q0	clueweb09-en0001-54-11038	59	1.0	run-1
52	Q0	clueweb09-en0001-55-20964	60	1.0	run-1
52	Q0	clueweb09-en0001-59-11960	61	1.0	run-1
52	Q0	clueweb09-en0001-60-00396	62	1.0	run-1
52	Q0	clueweb09-en0001-72-03644	63	1.0	run-1
52	Q0	clueweb09-en0001-78-25362	64	1.0	run-1
52	Q0	clueweb09-en0001-86-29251	65	1.0	run-1
52	Q0	clueweb09-en0002-01-16632	66	1.0	run-1
52	Q0	clueweb09-en0002-02-06958	67	1.0	run-1
52	Q0	clueweb09-en0002-02-25424	68	1.0	run-1
52	Q0	clueweb09-en0002-07-32945	69	1.0	run-1
52	Q0	clueweb09-en0002-11-01630	70	1.0	run-1
52	Q0	clueweb09-en0002-14-05515	71	1.0	run-1
52	Q0	clueweb09-en0002-16-35886	72	1.0	run-1
52	Q0	clueweb09-en0002-16-35948	73	1.0	run-1
52	Q0	clueweb09-en0002-17-12053	74	1.0	run-1
52	Q0	clueweb09-en0002-28-08371	75	1.0	run-1
52	Q0	clueweb09-en0002-29-05267	76	1.0	run-1
52	Q0	clueweb09-en0002-36-31107	77	1.0	run-1
52	Q0	clueweb09-en0002-44-21955	78	1.0	run-1
52	Q0	clueweb09-en0002-46-15564	79	1.0	run-1
52	Q0	clueweb09-en0002-50-17943	80	1.0	run-1
52	Q0	clueweb09-en0002-51-11581	81	1.0	run-1
52	Q0	clueweb09-en0002-51-18281	82	1.0	run-1
52	Q0	clueweb09-en0002-59-22471	83	1.0	run-1
52	Q0	clueweb09-en0002-75-15910	84	1.0	run-1
52	Q0	clueweb09-en0002-76-14005	85	1.0	run-1
52	Q0	clueweb09-en0002-80-06056	86	1.0	run-1
52	Q0	clueweb09-en0002-87-14644	87	1.0	run-1
52	Q0	clueweb09-en0002-89-32425	88	1.0	run-1
52	Q0	clueweb09-en0002-92-33198	89	1.0	run-1
52	Q0	clueweb09-en0002-97-26119	90	1.0	run-1
52	Q0	clueweb09-en0002-97-27136	91	1.0	run-1
52	Q0	clueweb09-en0003-01-15698	92	1.0	run-1
52	Q0	clueweb09-en0003-02-24589	93	1.0	run-1
52	Q0	clueweb09-en0003-03-15831	94	1.0	run-1
52	Q0	clueweb09-en0003-04-01900	95	1.0	run-1
52	Q0	clueweb09-en0003-04-04456	96	1.0	run-1
52	Q0	clueweb09-en0003-11-25615	97	1.0	run-1
52	Q0	clueweb09-en0003-24-06143	98	1.0	run-1
52	Q0	clueweb09-en0003-27-19517	99	1.0	run-1
52	Q0	clueweb09-en0003-30-00535	100	1.0	run-1
71	Q0	clueweb09-en0000-00-03430	1	1.0	run-1
71	Q0	clueweb09-en0000-00-03436	2	1.0	run-1
71	Q0	clueweb09-en0000-00-08183	3	1.0	run-1
71	Q0	clueweb09-en0000-00-08193	4	1.0	run-1
71	Q0	clueweb09-en0000-00-13312	5	1.0	run-1
71	Q0	clueweb09-en0000-00-16779	6	1.0	run-1
71	Q0	clueweb09-en0000-00-16780	7	1.0	run-1
71	Q0	clueweb09-en0000-00-17600	8	1.0	run-1
71	Q0	clueweb09-en0000-00-17606	9	1.0	run-1
71	Q0	clueweb09-en0000-01-10241	10	1.0	run-1
71	Q0	clueweb09-en0000-01-17965	11	1.0	run-1
71	Q0	clueweb09-en0000-02-06680	12	1.0	run-1
71	Q0	clueweb09-en0000-03-02855	13	1.0	run-1
71	Q0	clueweb09-en0000-03-03061	14	1.0	run-1
71	Q0	clueweb09-en0000-03-05889	15	1.0	run-1
71	Q0	clueweb09-en0000-03-11188	16	1.0	run-1
71	Q0	clueweb09-en0000-03-20813	17	1.0	run-1
71	Q0	clueweb09-en0000-03-20828	18	1.0	run-1
71	Q0	clueweb09-en0000-04-00893	19	1.0	run-1
71	Q0	clueweb09-en0000-04-16132	20	1.0	run-1
71	Q0	clueweb09-en0000-04-21215	21	1.0	run-1
71	Q0	clueweb09-en0000-05-02397	22	1.0	run-1
71	Q0	clueweb09-en0000-05-08542	23	1.0	run-1
71	Q0	clueweb09-en0000-06-00165	24	1.0	run-1
71	Q0	clueweb09-en0000-06-00367	25	1.0	run-1
71	Q0	clueweb09-en0000-07-04349	26	1.0	run-1
71	Q0	clueweb09-en0000-07-17595	27	1.0	run-1
71	Q0	clueweb09-en0000-07-18146	28	1.0	run-1
71	Q0	clueweb09-en0000-07-22848	29	1.0	run-1
71	Q0	clueweb09-en0000-07-30349	30	1.0	run-1
71	Q0	clueweb09-en0000-08-04659	31	1.0	run-1
71	Q0	clueweb09-en0000-08-21935	32	1.0	run-1
71	Q0	clueweb09-en0000-09-06843	33	1.0	run-1
71	Q0	clueweb09-en0000-09-11952	34	1.0	run-1
71	Q0	clueweb09-en0000-09-27240	35	1.0	run-1
71	Q0	clueweb09-en0000-10-04807	36	1.0	run-1
71	Q0	clueweb09-en0000-10-21253	37	1.0	run-1
71	Q0	clueweb09-en0000-10-36201	38	1.0	run-1
71	Q0	clueweb09-en0000-10-40539	39	1.0	run-1
71	Q0	clueweb09-en0000-11-06617	40	1.0	run-1
71	Q0	clueweb09-en0000-11-21512	41	1.0	run-1
71	Q0	clueweb09-en0000-11-35741	42	1.0	run-1
71	Q0	clueweb09-en0000-12-15090	43	1.0	run-1
71	Q0	clueweb09-en0000-12-15247	44	1.0	run-1
71	Q0	clueweb09-en0000-12-16168	45	1.0	run-1
71	Q0	clueweb09-en0000-12-16857	46	1.0	run-1
71	Q0	clueweb09-en0000-12-27636	47	1.0	run-1
71	Q0	clueweb09-en0000-13-05737	48	1.0	run-1
71	Q0	clueweb09-en0000-13-13029	49	1.0	run-1
71	Q0	clueweb09-en0000-13-17188	50	1.0	run-1
71	Q0	clueweb09-en0000-13-32284	51	1.0	run-1
71	Q0	clueweb09-en0000-13-32307	52	1.0	run-1
71	Q0	clueweb09-en0000-14-12028	53	1.0	run-1
71	Q0	clueweb09-en0000-14-12856	54	1.0	run-1
71	Q0	clueweb09-en0000-14-22229	55	1.0	run-1
71	Q0	clueweb09-en0000-14-23812	56	1.0	run-1
71	Q0	clueweb09-en0000-14-35836	57	1.0	run-1
71	Q0	clueweb09-en0000-14-35839	58	1.0	run-1
71	Q0	clueweb09-en0000-15-02735	59	1.0	run-1
71	Q0	clueweb09-en0000-15-18840	60	1.0	run-1
71	Q0	clueweb09-en0000-15-19482	61	1.0	run-1
71	Q0	clueweb09-en0000-15-23776	62	1.0	run-1
71	Q0	clueweb09-en0000-15-29001	63	1.0	run-1
71	Q0	clueweb09-en0000-15-32919	64	1.0	run-1
71	Q0	clueweb09-en0000-16-11382	65	1.0	run-1
71	Q0	clueweb09-en0000-16-18358	66	1.0	run-1
71	Q0	clueweb09-en0000-17-06694	67	1.0	run-1
71	Q0	clueweb09-en0000-17-16481	68	1.0	run-1
71	Q0	clueweb09-en0000-17-16576	69	1.0	run-1
71	Q0	clueweb09-en0000-17-19037	70	1.0	run-1
71	Q0	clueweb09-en0000-18-07797	71	1.0	run-1
71	Q0	clueweb09-en0000-19-02167	72	1.0	run-1
71	Q0	clueweb09-en0000-19-07440	73	1.0	run-1
71	Q0	clueweb09-en0000-19-10038	74	1.0	run-1
71	Q0	clueweb09-en0000-19-11909	75	1.0	run-1
71	Q0	clueweb09-en0000-19-14259	76	1.0	run-1
71	Q0	clueweb09-en0000-19-26727	77	1.0	run-1
71	Q0	clueweb09-en0000-19-29915	78	1.0	run-1
71	Q0	clueweb09-en0000-21-34741	79	1.0	run-1
71	Q0	clueweb09-en0000-22-05974	80	1.0	run-1
71	Q0	clueweb09-en0000-22-09531	81	1.0	run-1
71	Q0	clueweb09-en0000-22-11848	82	1.0	run-1
71	Q0	clueweb09-en0000-22-16792	83	1.0	run-1
71	Q0	clueweb09-en0000-22-20399	84	1.0	run-1
71	Q0	clueweb09-en0000-23-30852	85	1.0	run-1
71	Q0	clueweb09-en0000-23-32721	86	1.0	run-1
71	Q0	clueweb09-en0000-24-01413	87	1.0	run-1
71	Q0	clueweb09-en0000-24-13046	88	1.0	run-1
71	Q0	clueweb09-en0000-24-26565	89	1.0	run-1
71	Q0	clueweb09-en0000-25-08471	90	1.0	run-1
71	Q0	clueweb09-en0000-25-11301	91	1.0	run-1
71	Q0	clueweb09-en0000-25-11393	92	1.0	run-1
71	Q0	clueweb09-en0000-25-19960	93	1.0	run-1
71	Q0	clueweb09-en0000-26-13715	94	1.0	run-1
71	Q0	clueweb09-en0000-26-17674	95	1.0	run-1
71	Q0	clueweb09-en0000-27-07787	96	1.0	run-1
71	Q0	clueweb09-en0000-27-24630	97	1.0	run-1
71	Q0	clueweb09-en0000-28-05310	98	1.0	run-1
71	Q0	clueweb09-en0000-28-07835	99	1.0	run-1
71	Q0	clueweb09-en0000-28-08574	100	1.0	run-1
102	Q0	clueweb09-en0000-71-33778	1	1.0	run-1
102	Q0	clueweb09-en0002-62-10701	2	1.0	run-1
102	Q0	clueweb09-en0003-97-27345	3	1.0	run-1
102	Q0	clueweb09-en0005-85-24201	4	1.0	run-1
102	Q0	clueweb09-en0007-63-04777	5	1.0	run-1
102	Q0	clueweb09-en0007-96-01022	6	1.0	run-1
102	Q0	clueweb09-en0009-21-19078	7	1.0	run-1
102	Q0	clueweb09-en0009-21-19080	8	1.0	run-1
149	Q0	clueweb09-en0000-11-27765	1	1.0	run-1
149	Q0	clueweb09-en0000-97-06228	2	1.0	run-1
149	Q0	clueweb09-en0000-99-20299	3	1.0	run-1
149	Q0	clueweb09-en0001-12-03645	4	1.0	run-1
149	Q0	clueweb09-en0001-21-25495	5	1.0	run-1
149	Q0	clueweb09-en0001-29-06746	6	1.0	run-1
149	Q0	clueweb09-en0001-51-21742	7	1.0	run-1
149	Q0	clueweb09-en0001-93-20942	8	1.0	run-1
149	Q0	clueweb09-en0002-02-16140	9	1.0	run-1
149	Q0	clueweb09-en0002-04-26889	10	1.0	run-1
149	Q0	clueweb09-en0002-04-26891	11	1.0	run-1
149	Q0	clueweb09-en0002-04-26897	12	1.0	run-1
149	Q0	clueweb09-en0002-06-10623	13	1.0	run-1
149	Q0	clueweb09-en0002-63-20850	14	1.0	run-1
149	Q0	clueweb09-en0002-83-28784	15	1.0	run-1
149	Q0	clueweb09-en0002-92-00594	16	1.0	run-1
149	Q0	clueweb09-en0002-94-17316	17	1.0	run-1
149	Q0	clueweb09-en0002-97-00021	18	1.0	run-1
149	Q0	clueweb09-en0003-01-26661	19	1.0	run-1
149	Q0	clueweb09-en0003-01-26766	20	1.0	run-1
149	Q0	clueweb09-en0003-01-26774	21	1.0	run-1
149	Q0	clueweb09-en0003-01-26775	22	1.0	run-1
149	Q0	clueweb09-en0003-01-26776	23	1.0	run-1
149	Q0	clueweb09-en0003-01-26777	24	1.0	run-1
149	Q0	clueweb09-en0003-01-26778	25	1.0	run-1
149	Q0	clueweb09-en0003-01-26781	26	1.0	run-1
149	Q0	clueweb09-en0003-01-26789	27	1.0	run-1
149	Q0	clueweb09-en0003-01-26791	28	1.0	run-1
149	Q0	clueweb09-en0003-01-26794	29	1.0	run-1
149	Q0	clueweb09-en0003-01-26795	30	1.0	run-1
149	Q0	clueweb09-en0003-01-26796	31	1.0	run-1
149	Q0	clueweb09-en0003-01-26797	32	1.0	run-1
149	Q0	clueweb09-en0003-01-26802	33	1.0	run-1
149	Q0	clueweb09-en0003-08-31941	34	1.0	run-1
149	Q0	clueweb09-en0003-43-16956	35	1.0	run-1
149	Q0	clueweb09-en0003-57-14820	36	1.0	run-1
149	Q0	clueweb09-en0004-20-31736	37	1.0	run-1
149	Q0	clueweb09-en0004-28-03201	38	1.0	run-1
149	Q0	clueweb09-en0004-31-10631	39	1.0	run-1
149	Q0	clueweb09-en0004-31-10693	40	1.0	run-1
149	Q0	clueweb09-en0004-31-10704	41	1.0	run-1
149	Q0	clueweb09-en0004-37-01750	42	1.0	run-1
149	Q0	clueweb09-en0004-48-14257	43	1.0	run-1
149	Q0	clueweb09-en0005-19-22028	44	1.0	run-1
149	Q0	clueweb09-en0005-84-28959	45	1.0	run-1
149	Q0	clueweb09-en0005-88-07146	46	1.0	run-1
149	Q0	clueweb09-en0005-99-18499	47	1.0	run-1
149	Q0	clueweb09-en0006-14-32778	48	1.0	run-1
149	Q0	clueweb09-en0006-36-32109	49	1.0	run-1
149	Q0	clueweb09-en0006-64-18367	50	1.0	run-1
149	Q0	clueweb09-en0006-74-20162	51	1.0	run-1
149	Q0	clueweb09-en0006-79-24044	52	1.0	run-1
149	Q0	clueweb09-en0007-01-26086	53	1.0	run-1
149	Q0	clueweb09-en0007-21-15570	54	1.0	run-1
149	Q0	clueweb09-en0008-10-11732	55	1.0	run-1
149	Q0	clueweb09-en0008-78-41161	56	1.0	run-1
149	Q0	clueweb09-en0008-78-41168	57	1.0	run-1
149	Q0	clueweb09-en0008-89-29303	58	1.0	run-1
149	Q0	clueweb09-en0009-20-07595	59	1.0	run-1
149	Q0	clueweb09-en0009-20-07613	60	1.0	run-1
149	Q0	clueweb09-en0009-25-22037	61	1.0	run-1
149	Q0	clueweb09-en0010-58-05004	62	1.0	run-1
149	Q0	clueweb09-en0011-14-20282	63	1.0	run-1
149	Q0	clueweb09-en0011-45-27440	64	1.0	run-1
149	Q0	clueweb09-en0011-45-31490	65	1.0	run-1
149	Q0	clueweb09-en0011-89-12276	66	1.0	run-1
149	Q0	clueweb09-en0011-89-12298	67	1.0	run-1
149	Q0	clueweb09-en0011-89-12300	68	1.0	run-1
149	Q0	clueweb09-en0011-89-12306	69	1.0	run-1
149	Q0	clueweb09-en0011-98-31791	70	1.0	run-1
149	Q0	clueweb09-en0011-98-31792	71	1.0	run-1
149	Q0	clueweb09-en0011-98-31793	72	1.0	run-1
149	Q0	clueweb09-enwp00-51-05282	73	1.0	run-1
149	Q0	clueweb09-enwp00-84-01049	74	1.0	run-1
149	Q0	clueweb09-enwp00-87-01051	75	1.0	run-1
149	Q0	clueweb09-enwp00-88-05350	76	1.0	run-1
149	Q0	clueweb09-enwp00-88-12116	77	1.0	run-1
149	Q0	clueweb09-enwp00-93-22802	78	1.0	run-1
149	Q0	clueweb09-enwp00-95-01480	79	1.0	run-1
149	Q0	clueweb09-enwp00-95-06351	80	1.0	run-1
149	Q0	clueweb09-enwp00-96-00650	81	1.0	run-1
149	Q0	clueweb09-enwp01-12-01737	82	1.0	run-1
149	Q0	clueweb09-enwp01-12-06619	83	1.0	run-1
149	Q0	clueweb09-enwp01-18-10595	84	1.0	run-1
149	Q0	clueweb09-enwp01-19-20384	85	1.0	run-1
149	Q0	clueweb09-enwp01-56-00580	86	1.0	run-1
149	Q0	clueweb09-enwp01-56-05396	87	1.0	run-1
149	Q0	clueweb09-enwp01-63-20048	88	1.0	run-1
149	Q0	clueweb09-enwp01-63-22706	89	1.0	run-1
149	Q0	clueweb09-enwp01-69-22643	90	1.0	run-1
149	Q0	clueweb09-enwp01-70-19331	91	1.0	run-1
149	Q0	clueweb09-enwp01-72-09379	92	1.0	run-1
149	Q0	clueweb09-enwp01-75-18817	93	1.0	run-1
149	Q0	clueweb09-enwp01-89-12933	94	1.0	run-1
149	Q0	clueweb09-enwp01-89-12938	95	1.0	run-1
149	Q0	clueweb09-enwp01-90-18659	96	1.0	run-1
149	Q0	clueweb09-enwp01-91-11160	97	1.0	run-1
149	Q0	clueweb09-enwp02-01-19234	98	1.0	run-1
149	Q0	clueweb09-enwp02-03-09456	99	1.0	run-1
149	Q0	clueweb09-enwp02-03-11920	100	1.0	run-1
190	Q0	clueweb09-en0000-18-21486	1	1.0	run-1
190	Q0	clueweb09-en0004-42-40299	2	1.0	run-1
190	Q0	clueweb09-en0004-72-27126	3	1.0	run-1
190	Q0	clueweb09-en0005-61-23474	4	1.0	run-1
190	Q0	clueweb09-en0006-14-40073	5	1.0	run-1
190	Q0	clueweb09-en0006-16-02347	6	1.0	run-1
190	Q0	clueweb09-en0006-16-02366	7	1.0	run-1
190	Q0	clueweb09-en0006-16-02376	8	1.0	run-1
190	Q0	clueweb09-en0006-16-02377	9	1.0	run-1
190	Q0	clueweb09-en0006-16-02379	10	1.0	run-1
190	Q0	clueweb09-en0006-16-02386	11	1.0	run-1
190	Q0	clueweb09-en0006-16-02387	12	1.0	run-1
190	Q0	clueweb09-en0006-16-02388	13	1.0	run-1
190	Q0	clueweb09-en0006-16-02389	14	1.0	run-1
190	Q0	clueweb09-en0006-16-02392	15	1.0	run-1
190	Q0	clueweb09-en0006-16-02397	16	1.0	run-1
190	Q0	clueweb09-en0006-48-12486	17	1.0	run-1
190	Q0	clueweb09-en0006-48-12487	18	1.0	run-1
190	Q0	clueweb09-en0006-98-32888	19	1.0	run-1
190	Q0	clueweb09-en0007-24-07713	20	1.0	run-1
190	Q0	clueweb09-en0008-86-05086	21	1.0	run-1
190	Q0	clueweb09-en0009-15-22865	22	1.0	run-1
190	Q0	clueweb09-en0009-36-21804	23	1.0	run-1
190	Q0	clueweb09-en0009-62-38578	24	1.0	run-1
190	Q0	clueweb09-en0009-98-27243	25	1.0	run-1
190	Q0	clueweb09-en0009-98-27244	26	1.0	run-1
190	Q0	clueweb09-en0009-98-27245	27	1.0	run-1
190	Q0	clueweb09-en0011-13-22789	28	1.0	run-1
