10	Q0	clueweb09-en0000-01-21462	1	1.0	run-1
10	Q0	clueweb09-en0000-02-25067	2	1.0	run-1
10	Q0	clueweb09-en0000-02-25080	3	1.0	run-1
10	Q0	clueweb09-en0000-02-25082	4	1.0	run-1
10	Q0	clueweb09-en0000-02-33884	5	1.0	run-1
10	Q0	clueweb09-en0000-03-35193	6	1.0	run-1
10	Q0	clueweb09-en0000-05-06551	7	1.0	run-1
10	Q0	clueweb09-en0000-06-28312	8	1.0	run-1
10	Q0	clueweb09-en0000-06-31942	9	1.0	run-1
10	Q0	clueweb09-en0000-07-18476	10	1.0	run-1
10	Q0	clueweb09-en0000-07-28855	11	1.0	run-1
10	Q0	clueweb09-en0000-07-28856	12	1.0	run-1
10	Q0	clueweb09-en0000-07-28857	13	1.0	run-1
10	Q0	clueweb09-en0000-18-28703	14	1.0	run-1
10	Q0	clueweb09-en0000-21-17368	15	1.0	run-1
10	Q0	clueweb09-en0000-27-31626	16	1.0	run-1
10	Q0	clueweb09-en0000-34-07897	17	1.0	run-1
10	Q0	clueweb09-en0000-36-01518	18	1.0	run-1
10	Q0	clueweb09-en0000-44-24658	19	1.0	run-1
10	Q0	clueweb09-en0000-48-12629	20	1.0	run-1
10	Q0	clueweb09-en0000-51-29797	21	1.0	run-1
10	Q0	clueweb09-en0000-56-19906	22	1.0	run-1
10	Q0	clueweb09-en0000-58-00646	23	1.0	run-1
10	Q0	clueweb09-en0000-58-00649	24	1.0	run-1
10	Q0	clueweb09-en0000-58-00728	25	1.0	run-1
10	Q0	clueweb09-en0000-58-00732	26	1.0	run-1
10	Q0	clueweb09-en0000-61-26101	27	1.0	run-1
10	Q0	clueweb09-en0000-68-14081	28	1.0	run-1
10	Q0	clueweb09-en0000-70-16947	29	1.0	run-1
10	Q0	clueweb09-en0000-71-06224	30	1.0	run-1
10	Q0	clueweb09-en0000-73-24374	31	1.0	run-1
10	Q0	clueweb09-en0000-77-11325	32	1.0	run-1
10	Q0	clueweb09-en0000-92-27444	33	1.0	run-1
10	Q0	clueweb09-en0000-95-28646	34	1.0	run-1
10	Q0	clueweb09-en0000-95-28647	35	1.0	run-1
10	Q0	clueweb09-en0000-95-28660	36	1.0	run-1
10	Q0	clueweb09-en0001-08-10564	37	1.0	run-1
10	Q0	clueweb09-en0001-09-22625	38	1.0	run-1
10	Q0	clueweb09-en0001-09-22649	39	1.0	run-1
10	Q0	clueweb09-en0001-09-22655	40	1.0	run-1
10	Q0	clueweb09-en0001-13-05169	41	1.0	run-1
10	Q0	clueweb09-en0001-14-09672	42	1.0	run-1
10	Q0	clueweb09-en0001-18-31714	43	1.0	run-1
10	Q0	clueweb09-en0001-18-31898	44	1.0	run-1
10	Q0	clueweb09-en0001-18-32012	45	1.0	run-1
10	Q0	clueweb09-en0001-18-32123	46	1.0	run-1
10	Q0	clueweb09-en0001-18-32161	47	1.0	run-1
10	Q0	clueweb09-en0001-18-32434	48	1.0	run-1
10	Q0	clueweb09-en0001-18-32557	49	1.0	run-1
10	Q0	clueweb09-en0001-18-32626	50	1.0	run-1
10	Q0	clueweb09-en0001-18-32681	51	1.0	run-1
10	Q0	clueweb09-en0001-18-32758	52	1.0	run-1
10	Q0	clueweb09-en0001-22-11051	53	1.0	run-1
10	Q0	clueweb09-en0001-22-11054	54	1.0	run-1
10	Q0	clueweb09-en0001-40-20383	55	1.0	run-1
10	Q0	clueweb09-en0001-40-20387	56	1.0	run-1
10	Q0	clueweb09-en0001-40-20393	57	1.0	run-1
10	Q0	clueweb09-en0001-41-00126	58	1.0	run-1
10	Q0	clueweb09-en0001-43-24713	59	1.0	run-1
10	Q0	clueweb09-en0001-54-19761	60	1.0	run-1
10	Q0	clueweb09-en0001-66-18804	61	1.0	run-1
10	Q0	clueweb09-en0001-66-18807	62	1.0	run-1
10	Q0	clueweb09-en0001-66-18808	63	1.0	run-1
10	Q0	clueweb09-en0001-66-18810	64	1.0	run-1
10	Q0	clueweb09-en0001-72-14382	65	1.0	run-1
10	Q0	clueweb09-en0001-85-26958	66	1.0	run-1
10	Q0	clueweb09-en0001-85-26968	67	1.0	run-1
10	Q0	clueweb09-en0001-85-26969	68	1.0	run-1
10	Q0	clueweb09-en0001-89-33014	69	1.0	run-1
10	Q0	clueweb09-en0001-89-33156	70	1.0	run-1
10	Q0	clueweb09-en0001-89-33183	71	1.0	run-1
10	Q0	clueweb09-en0001-94-02257	72	1.0	run-1
10	Q0	clueweb09-en0001-95-21892	73	1.0	run-1
10	Q0	clueweb09-en0001-98-01610	74	1.0	run-1
10	Q0	clueweb09-en0002-01-17223	75	1.0	run-1
10	Q0	clueweb09-en0002-03-19996	76	1.0	run-1
10	Q0	clueweb09-en0002-09-20035	77	1.0	run-1
10	Q0	clueweb09-en0002-15-08441	78	1.0	run-1
10	Q0	clueweb09-en0002-15-23920	79	1.0	run-1
10	Q0	clueweb09-en0002-15-23935	80	1.0	run-1
10	Q0	clueweb09-en0002-15-23938	81	1.0	run-1
10	Q0	clueweb09-en0002-15-23952	82	1.0	run-1
10	Q0	clueweb09-en0002-15-23953	83	1.0	run-1
10	Q0	clueweb09-en0002-15-23972	84	1.0	run-1
10	Q0	clueweb09-en0002-15-23976	85	1.0	run-1
10	Q0	clueweb09-en0002-19-29536	86	1.0	run-1
10	Q0	clueweb09-en0002-19-29537	87	1.0	run-1
10	Q0	clueweb09-en0002-19-29538	88	1.0	run-1
10	Q0	clueweb09-en0002-19-29550	89	1.0	run-1
10	Q0	clueweb09-en0002-19-29554	90	1.0	run-1
10	Q0	clueweb09-en0002-19-29562	91	1.0	run-1
10	Q0	clueweb09-en0002-19-29565	92	1.0	run-1
10	Q0	clueweb09-en0002-19-29568	93	1.0	run-1
10	Q0	clueweb09-en0002-19-29570	94	1.0	run-1
10	Q0	clueweb09-en0002-19-29582	95	1.0	run-1
10	Q0	clueweb09-en0002-19-29594	96	1.0	run-1
10	Q0	clueweb09-en0002-19-29595	97	1.0	run-1
10	Q0	clueweb09-en0002-19-29597	98	1.0	run-1
10	Q0	clueweb09-en0002-19-29605	99	1.0	run-1
10	Q0	clueweb09-en0002-19-29614	100	1.0	run-1
12	Q0	clueweb09-en0000-00-01551	1	1.0	run-1
12	Q0	clueweb09-en0000-00-01559	2	1.0	run-1
12	Q0	clueweb09-en0000-00-03430	3	1.0	run-1
12	Q0	clueweb09-en0000-00-03431	4	1.0	run-1
12	Q0	clueweb09-en0000-00-03983	5	1.0	run-1
12	Q0	clueweb09-en0000-00-04866	6	1.0	run-1
12	Q0	clueweb09-en0000-00-08880	7	1.0	run-1
12	Q0	clueweb09-en0000-00-13316	8	1.0	run-1
12	Q0	clueweb09-en0000-00-16779	9	1.0	run-1
12	Q0	clueweb09-en0000-00-16780	10	1.0	run-1
12	Q0	clueweb09-en0000-00-17246	11	1.0	run-1
12	Q0	clueweb09-en0000-00-17601	12	1.0	run-1
12	Q0	clueweb09-en0000-00-17605	13	1.0	run-1
12	Q0	clueweb09-en0000-00-28432	14	1.0	run-1
12	Q0	clueweb09-en0000-00-32500	15	1.0	run-1
12	Q0	clueweb09-en0000-00-32501	16	1.0	run-1
12	Q0	clueweb09-en0000-00-34130	17	1.0	run-1
12	Q0	clueweb09-en0000-01-07072	18	1.0	run-1
12	Q0	clueweb09-en0000-01-15252	19	1.0	run-1
12	Q0	clueweb09-en0000-01-15253	20	1.0	run-1
12	Q0	clueweb09-en0000-01-15254	21	1.0	run-1
12	Q0	clueweb09-en0000-01-15281	22	1.0	run-1
12	Q0	clueweb09-en0000-01-16523	23	1.0	run-1
12	Q0	clueweb09-en0000-01-23717	24	1.0	run-1
12	Q0	clueweb09-en0000-01-23827	25	1.0	run-1
12	Q0	clueweb09-en0000-01-23975	26	1.0	run-1
12	Q0	clueweb09-en0000-01-24430	27	1.0	run-1
12	Q0	clueweb09-en0000-01-25432	28	1.0	run-1
12	Q0	clueweb09-en0000-02-01953	29	1.0	run-1
12	Q0	clueweb09-en0000-02-03513	30	1.0	run-1
12	Q0	clueweb09-en0000-02-08493	31	1.0	run-1
12	Q0	clueweb09-en0000-02-18753	32	1.0	run-1
12	Q0	clueweb09-en0000-02-18815	33	1.0	run-1
12	Q0	clueweb09-en0000-02-19617	34	1.0	run-1
12	Q0	clueweb09-en0000-02-24108	35	1.0	run-1
12	Q0	clueweb09-en0000-03-01136	36	1.0	run-1
12	Q0	clueweb09-en0000-03-01257	37	1.0	run-1
12	Q0	clueweb09-en0000-03-06090	38	1.0	run-1
12	Q0	clueweb09-en0000-03-16727	39	1.0	run-1
12	Q0	clueweb09-en0000-03-17413	40	1.0	run-1
12	Q0	clueweb09-en0000-03-17509	41	1.0	run-1
12	Q0	clueweb09-en0000-03-22103	42	1.0	run-1
12	Q0	clueweb09-en0000-03-33323	43	1.0	run-1
12	Q0	clueweb09-en0000-04-00312	44	1.0	run-1
12	Q0	clueweb09-en0000-04-06622	45	1.0	run-1
12	Q0	clueweb09-en0000-04-09159	46	1.0	run-1
12	Q0	clueweb09-en0000-04-12280	47	1.0	run-1
12	Q0	clueweb09-en0000-04-16133	48	1.0	run-1
12	Q0	clueweb09-en0000-04-32380	49	1.0	run-1
12	Q0	clueweb09-en0000-04-34743	50	1.0	run-1
12	Q0	clueweb09-en0000-05-05020	51	1.0	run-1
12	Q0	clueweb09-en0000-05-15166	52	1.0	run-1
12	Q0	clueweb09-en0000-06-07603	53	1.0	run-1
12	Q0	clueweb09-en0000-06-10761	54	1.0	run-1
12	Q0	clueweb09-en0000-06-11496	55	1.0	run-1
12	Q0	clueweb09-en0000-06-11553	56	1.0	run-1
12	Q0	clueweb09-en0000-06-19825	57	1.0	run-1
12	Q0	clueweb09-en0000-06-28697	58	1.0	run-1
12	Q0	clueweb09-en0000-06-29411	59	1.0	run-1
12	Q0	clueweb09-en0000-06-33853	60	1.0	run-1
12	Q0	clueweb09-en0000-06-34800	61	1.0	run-1
12	Q0	clueweb09-en0000-07-06448	62	1.0	run-1
12	Q0	clueweb09-en0000-07-15981	63	1.0	run-1
12	Q0	clueweb09-en0000-07-19230	64	1.0	run-1
12	Q0	clueweb09-en0000-07-23832	65	1.0	run-1
12	Q0	clueweb09-en0000-07-23842	66	1.0	run-1
12	Q0	clueweb09-en0000-07-30988	67	1.0	run-1
12	Q0	clueweb09-en0000-08-01788	68	1.0	run-1
12	Q0	clueweb09-en0000-08-04617	69	1.0	run-1
12	Q0	clueweb09-en0000-08-08318	70	1.0	run-1
12	Q0	clueweb09-en0000-08-11321	71	1.0	run-1
12	Q0	clueweb09-en0000-08-14888	72	1.0	run-1
12	Q0	clueweb09-en0000-08-17769	73	1.0	run-1
12	Q0	clueweb09-en0000-09-00053	74	1.0	run-1
12	Q0	clueweb09-en0000-09-05900	75	1.0	run-1
12	Q0	clueweb09-en0000-09-17038	76	1.0	run-1
12	Q0	clueweb09-en0000-09-19884	77	1.0	run-1
12	Q0	clueweb09-en0000-09-21333	78	1.0	run-1
12	Q0	clueweb09-en0000-09-23599	79	1.0	run-1
12	Q0	clueweb09-en0000-10-00769	80	1.0	run-1
12	Q0	clueweb09-en0000-10-09483	81	1.0	run-1
12	Q0	clueweb09-en0000-10-16439	82	1.0	run-1
12	Q0	clueweb09-en0000-10-17764	83	1.0	run-1
12	Q0	clueweb09-en0000-10-17765	84	1.0	run-1
12	Q0	clueweb09-en0000-10-17766	85	1.0	run-1
12	Q0	clueweb09-en0000-10-17767	86	1.0	run-1
12	Q0	clueweb09-en0000-10-17768	87	1.0	run-1
12	Q0	clueweb09-en0000-10-23929	88	1.0	run-1
12	Q0	clueweb09-en0000-10-28378	89	1.0	run-1
12	Q0	clueweb09-en0000-10-29197	90	1.0	run-1
12	Q0	clueweb09-en0000-10-30746	91	1.0	run-1
12	Q0	clueweb09-en0000-10-32134	92	1.0	run-1
12	Q0	clueweb09-en0000-10-32399	93	1.0	run-1
12	Q0	clueweb09-en0000-10-33230	94	1.0	run-1
12	Q0	clueweb09-en0000-10-34199	95	1.0	run-1
12	Q0	clueweb09-en0000-10-36201	96	1.0	run-1
12	Q0	clueweb09-en0000-10-37327	97	1.0	run-1
12	Q0	clueweb09-en0000-10-38521	98	1.0	run-1
12	Q0	clueweb09-en0000-11-00473	99	1.0	run-1
12	Q0	clueweb09-en0000-11-00699	100	1.0	run-1
26	Q0	clueweb09-en0000-04-00579	1	1.0	run-1
26	Q0	clueweb09-en0000-04-01322	2	1.0	run-1
26	Q0	clueweb09-en0000-09-08810	3	1.0	run-1
26	Q0	clueweb09-en0000-09-08859	4	1.0	run-1
26	Q0	clueweb09-en0000-09-09260	5	1.0	run-1
26	Q0	clueweb09-en0000-10-08336	6	1.0	run-1
26	Q0	clueweb09-en0000-13-02825	7	1.0	run-1
26	Q0	clueweb09-en0000-17-01012	8	1.0	run-1
26	Q0	clueweb09-en0000-17-26052	9	1.0	run-1
26	Q0	clueweb09-en0000-32-03992	10	1.0	run-1
26	Q0	clueweb09-en0001-05-26702	11	1.0	run-1
26	Q0	clueweb09-en0001-17-15996	12	1.0	run-1
26	Q0	clueweb09-en0001-20-13960	13	1.0	run-1
26	Q0	clueweb09-en0001-28-23732	14	1.0	run-1
26	Q0	clueweb09-en0001-55-13913	15	1.0	run-1
26	Q0	clueweb09-en0001-66-14262	16	1.0	run-1
26	Q0	clueweb09-en0001-69-04835	17	1.0	run-1
26	Q0	clueweb09-en0001-80-10580	18	1.0	run-1
26	Q0	clueweb09-en0002-53-30927	19	1.0	run-1
26	Q0	clueweb09-en0002-61-26813	20	1.0	run-1
26	Q0	clueweb09-en0002-83-01353	21	1.0	run-1
26	Q0	clueweb09-en0003-27-25448	22	1.0	run-1
26	Q0	clueweb09-en0003-37-21358	23	1.0	run-1
26	Q0	clueweb09-en0003-43-03494	24	1.0	run-1
26	Q0	clueweb09-en0003-46-17278	25	1.0	run-1
26	Q0	clueweb09-en0003-63-01674	26	1.0	run-1
26	Q0	clueweb09-en0004-02-17099	27	1.0	run-1
26	Q0	clueweb09-en0004-56-11923	28	1.0	run-1
26	Q0	clueweb09-en0004-66-13153	29	1.0	run-1
26	Q0	clueweb09-en0004-89-18068	30	1.0	run-1
26	Q0	clueweb09-en0005-08-41696	31	1.0	run-1
26	Q0	clueweb09-en0005-22-07875	32	1.0	run-1
26	Q0	clueweb09-en0005-30-34026	33	1.0	run-1
26	Q0	clueweb09-en0005-30-34557	34	1.0	run-1
26	Q0	clueweb09-en0005-41-07017	35	1.0	run-1
26	Q0	clueweb09-en0005-56-01195	36	1.0	run-1
26	Q0	clueweb09-en0005-65-31815	37	1.0	run-1
26	Q0	clueweb09-en0005-67-17610	38	1.0	run-1
26	Q0	clueweb09-en0005-68-17022	39	1.0	run-1
26	Q0	clueweb09-en0005-75-10536	40	1.0	run-1
26	Q0	clueweb09-en0006-02-26295	41	1.0	run-1
26	Q0	clueweb09-en0006-09-21062	42	1.0	run-1
26	Q0	clueweb09-en0006-09-21064	43	1.0	run-1
26	Q0	clueweb09-en0006-28-21273	44	1.0	run-1
26	Q0	clueweb09-en0006-66-04640	45	1.0	run-1
26	Q0	clueweb09-en0006-69-21516	46	1.0	run-1
26	Q0	clueweb09-en0006-76-14732	47	1.0	run-1
26	Q0	clueweb09-en0007-00-06356	48	1.0	run-1
26	Q0	clueweb09-en0007-13-30672	49	1.0	run-1
26	Q0	clueweb09-en0007-15-40215	50	1.0	run-1
26	Q0	clueweb09-en0007-27-31942	51	1.0	run-1
26	Q0	clueweb09-en0007-27-32114	52	1.0	run-1
26	Q0	clueweb09-en0007-27-32254	53	1.0	run-1
26	Q0	clueweb09-en0007-32-33911	54	1.0	run-1
26	Q0	clueweb09-en0007-37-13980	55	1.0	run-1
26	Q0	clueweb09-en0007-43-26374	56	1.0	run-1
26	Q0	clueweb09-en0007-51-19957	57	1.0	run-1
26	Q0	clueweb09-en0007-57-19603	58	1.0	run-1
26	Q0	clueweb09-en0007-62-27861	59	1.0	run-1
26	Q0	clueweb09-en0008-16-40507	60	1.0	run-1
26	Q0	clueweb09-en0008-18-32277	61	1.0	run-1
26	Q0	clueweb09-en0008-24-10533	62	1.0	run-1
26	Q0	clueweb09-en0008-80-03421	63	1.0	run-1
26	Q0	clueweb09-en0008-86-18099	64	1.0	run-1
26	Q0	clueweb09-en0009-03-09293	65	1.0	run-1
26	Q0	clueweb09-en0009-39-04977	66	1.0	run-1
26	Q0	clueweb09-en0009-49-11296	67	1.0	run-1
26	Q0	clueweb09-en0009-50-41295	68	1.0	run-1
26	Q0	clueweb09-en0009-57-43610	69	1.0	run-1
26	Q0	clueweb09-en0009-64-01781	70	1.0	run-1
26	Q0	clueweb09-en0010-06-01799	71	1.0	run-1
26	Q0	clueweb09-en0010-15-11576	72	1.0	run-1
26	Q0	clueweb09-en0010-20-30538	73	1.0	run-1
26	Q0	clueweb09-en0010-57-09562	74	1.0	run-1
26	Q0	clueweb09-en0010-75-02171	75	1.0	run-1
26	Q0	clueweb09-en0010-77-16540	76	1.0	run-1
26	Q0	clueweb09-en0010-79-07209	77	1.0	run-1
26	Q0	clueweb09-en0010-79-07921	78	1.0	run-1
26	Q0	clueweb09-en0010-79-08258	79	1.0	run-1
26	Q0	clueweb09-en0010-79-08511	80	1.0	run-1
26	Q0	clueweb09-en0011-05-38770	81	1.0	run-1
26	Q0	clueweb09-en0011-09-07090	82	1.0	run-1
26	Q0	clueweb09-en0011-58-19607	83	1.0	run-1
26	Q0	clueweb09-en0011-68-21774	84	1.0	run-1
26	Q0	clueweb09-en0011-68-21789	85	1.0	run-1
26	Q0	clueweb09-en0011-89-14409	86	1.0	run-1
26	Q0	clueweb09-en0011-94-03897	87	1.0	run-1
26	Q0	clueweb09-en0011-98-01614	88	1.0	run-1
26	Q0	clueweb09-en0011-99-23972	89	1.0	run-1
26	Q0	clueweb09-enwp00-02-10824	90	1.0	run-1
26	Q0	clueweb09-enwp00-15-10360	91	1.0	run-1
26	Q0	clueweb09-enwp00-23-09526	92	1.0	run-1
26	Q0	clueweb09-enwp00-25-10150	93	1.0	run-1
26	Q0	clueweb09-enwp00-26-09119	94	1.0	run-1
26	Q0	clueweb09-enwp00-26-09141	95	1.0	run-1
26	Q0	clueweb09-enwp00-29-09599	96	1.0	run-1
26	Q0	clueweb09-enwp00-30-09674	97	1.0	run-1
26	Q0	clueweb09-enwp00-30-09685	98	1.0	run-1
26	Q0	clueweb09-enwp00-31-09883	99	1.0	run-1
26	Q0	clueweb09-enwp00-32-03242	100	1.0	run-1
29	Q0	clueweb09-en0000-21-14576	1	1.0	run-1
29	Q0	clueweb09-en0000-24-17115	2	1.0	run-1
29	Q0	clueweb09-en0000-37-06356	3	1.0	run-1
29	Q0	clueweb09-en0000-41-24559	4	1.0	run-1
29	Q0	clueweb09-en0000-74-23039	5	1.0	run-1
29	Q0	clueweb09-en0001-02-19735	6	1.0	run-1
29	Q0	clueweb09-en0001-03-05755	7	1.0	run-1
29	Q0	clueweb09-en0001-04-03566	8	1.0	run-1
29	Q0	clueweb09-en0001-10-12999	9	1.0	run-1
29	Q0	clueweb09-en0001-19-27476	10	1.0	run-1
29	Q0	clueweb09-en0001-19-27544	11	1.0	run-1
29	Q0	clueweb09-en0001-22-03095	12	1.0	run-1
29	Q0	clueweb09-en0001-24-06988	13	1.0	run-1
29	Q0	clueweb09-en0001-26-27648	14	1.0	run-1
29	Q0	clueweb09-en0001-26-27688	15	1.0	run-1
29	Q0	clueweb09-en0001-27-26266	16	1.0	run-1
29	Q0	clueweb09-en0001-48-17430	17	1.0	run-1
29	Q0	clueweb09-en0001-55-15054	18	1.0	run-1
29	Q0	clueweb09-en0001-61-05759	19	1.0	run-1
29	Q0	clueweb09-en0001-68-20627	20	1.0	run-1
29	Q0	clueweb09-en0001-80-29023	21	1.0	run-1
29	Q0	clueweb09-en0001-83-01026	22	1.0	run-1
29	Q0	clueweb09-en0001-83-01197	23	1.0	run-1
29	Q0	clueweb09-en0001-87-20940	24	1.0	run-1
29	Q0	clueweb09-en0001-92-14352	25	1.0	run-1
29	Q0	clueweb09-en0001-93-14915	26	1.0	run-1
29	Q0	clueweb09-en0002-29-04735	27	1.0	run-1
29	Q0	clueweb09-en0002-34-15272	28	1.0	run-1
29	Q0	clueweb09-en0002-38-29364	29	1.0	run-1
29	Q0	clueweb09-en0002-41-07201	30	1.0	run-1
29	Q0	clueweb09-en0002-78-25531	31	1.0	run-1
29	Q0	clueweb09-en0002-78-25534	32	1.0	run-1
29	Q0	clueweb09-en0002-78-25535	33	1.0	run-1
29	Q0	clueweb09-en0002-79-13769	34	1.0	run-1
29	Q0	clueweb09-en0002-81-23066	35	1.0	run-1
29	Q0	clueweb09-en0002-81-26299	36	1.0	run-1
29	Q0	clueweb09-en0002-81-26338	37	1.0	run-1
29	Q0	clueweb09-en0002-81-26342	38	1.0	run-1
29	Q0	clueweb09-en0003-09-06305	39	1.0	run-1
29	Q0	clueweb09-en0003-13-14486	40	1.0	run-1
29	Q0	clueweb09-en0003-33-23184	41	1.0	run-1
29	Q0	clueweb09-en0003-41-14473	42	1.0	run-1
29	Q0	clueweb09-en0003-50-16719	43	1.0	run-1
29	Q0	clueweb09-en0003-59-07163	44	1.0	run-1
29	Q0	clueweb09-en0003-59-19284	45	1.0	run-1
29	Q0	clueweb09-en0003-60-23770	46	1.0	run-1
29	Q0	clueweb09-en0003-62-18707	47	1.0	run-1
29	Q0	clueweb09-en0003-74-01937	48	1.0	run-1
29	Q0	clueweb09-en0003-83-22286	49	1.0	run-1
29	Q0	clueweb09-en0003-83-22579	50	1.0	run-1
29	Q0	clueweb09-en0003-83-22623	51	1.0	run-1
29	Q0	clueweb09-en0003-83-22632	52	1.0	run-1
29	Q0	clueweb09-en0003-83-23010	53	1.0	run-1
29	Q0	clueweb09-en0003-83-23076	54	1.0	run-1
29	Q0	clueweb09-en0003-84-04279	55	1.0	run-1
29	Q0	clueweb09-en0003-84-10140	56	1.0	run-1
29	Q0	clueweb09-en0003-90-33671	57	1.0	run-1
29	Q0	clueweb09-en0003-93-16170	58	1.0	run-1
29	Q0	clueweb09-en0004-07-03779	59	1.0	run-1
29	Q0	clueweb09-en0004-09-20944	60	1.0	run-1
29	Q0	clueweb09-en0004-09-20970	61	1.0	run-1
29	Q0	clueweb09-en0004-09-20975	62	1.0	run-1
29	Q0	clueweb09-en0004-18-04041	63	1.0	run-1
29	Q0	clueweb09-en0004-19-06116	64	1.0	run-1
29	Q0	clueweb09-en0004-19-08759	65	1.0	run-1
29	Q0	clueweb09-en0004-28-00454	66	1.0	run-1
29	Q0	clueweb09-en0004-37-01134	67	1.0	run-1
29	Q0	clueweb09-en0004-37-02083	68	1.0	run-1
29	Q0	clueweb09-en0004-43-36136	69	1.0	run-1
29	Q0	clueweb09-en0004-45-01981	70	1.0	run-1
29	Q0	clueweb09-en0004-74-25197	71	1.0	run-1
29	Q0	clueweb09-en0004-77-00153	72	1.0	run-1
29	Q0	clueweb09-en0004-80-01372	73	1.0	run-1
29	Q0	clueweb09-en0004-81-34531	74	1.0	run-1
29	Q0	clueweb09-en0004-91-05049	75	1.0	run-1
29	Q0	clueweb09-en0005-04-02827	76	1.0	run-1
29	Q0	clueweb09-en0005-18-29983	77	1.0	run-1
29	Q0	clueweb09-en0005-22-36375	78	1.0	run-1
29	Q0	clueweb09-en0005-40-36160	79	1.0	run-1
29	Q0	clueweb09-en0005-40-36197	80	1.0	run-1
29	Q0	clueweb09-en0005-40-36199	81	1.0	run-1
29	Q0	clueweb09-en0005-66-26526	82	1.0	run-1
29	Q0	clueweb09-en0005-97-31330	83	1.0	run-1
29	Q0	clueweb09-en0006-00-07261	84	1.0	run-1
29	Q0	clueweb09-en0006-00-07568	85	1.0	run-1
29	Q0	clueweb09-en0006-00-07906	86	1.0	run-1
29	Q0	clueweb09-en0006-05-35717	87	1.0	run-1
29	Q0	clueweb09-en0006-17-19924	88	1.0	run-1
29	Q0	clueweb09-en0006-55-21379	89	1.0	run-1
29	Q0	clueweb09-en0006-65-10579	90	1.0	run-1
29	Q0	clueweb09-en0006-74-29158	91	1.0	run-1
29	Q0	clueweb09-en0006-84-27050	92	1.0	run-1
29	Q0	clueweb09-en0006-84-27144	93	1.0	run-1
29	Q0	clueweb09-en0006-85-13188	94	1.0	run-1
29	Q0	clueweb09-en0007-06-34575	95	1.0	run-1
29	Q0	clueweb09-en0007-06-34584	96	1.0	run-1
29	Q0	clueweb09-en0007-14-21270	97	1.0	run-1
29	Q0	clueweb09-en0007-14-21273	98	1.0	run-1
29	Q0	clueweb09-en0007-14-21277	99	1.0	run-1
29	Q0	clueweb09-en0007-14-21283	100	1.0	run-1
33	Q0	clueweb09-en0000-00-17610	1	1.0	run-1
33	Q0	clueweb09-en0000-04-07251	2	1.0	run-1
33	Q0	clueweb09-en0000-08-13384	3	1.0	run-1
33	Q0	clueweb09-en0000-09-05052	4	1.0	run-1
33	Q0	clueweb09-en0000-09-09199	5	1.0	run-1
33	Q0	clueweb09-en0000-14-16447	6	1.0	run-1
33	Q0	clueweb09-en0000-17-11679	7	1.0	run-1
33	Q0	clueweb09-en0000-21-16644	8	1.0	run-1
33	Q0	clueweb09-en0000-21-16999	9	1.0	run-1
33	Q0	clueweb09-en0000-21-30291	10	1.0	run-1
33	Q0	clueweb09-en0000-22-13637	11	1.0	run-1
33	Q0	clueweb09-en0000-31-15490	12	1.0	run-1
33	Q0	clueweb09-en0000-43-29821	13	1.0	run-1
33	Q0	clueweb09-en0000-43-29831	14	1.0	run-1
33	Q0	clueweb09-en0000-44-19645	15	1.0	run-1
33	Q0	clueweb09-en0000-46-29425	16	1.0	run-1
33	Q0	clueweb09-en0000-49-03445	17	1.0	run-1
33	Q0	clueweb09-en0000-49-03463	18	1.0	run-1
33	Q0	clueweb09-en0000-50-05332	19	1.0	run-1
33	Q0	clueweb09-en0000-52-02997	20	1.0	run-1
33	Q0	clueweb09-en0000-57-11374	21	1.0	run-1
33	Q0	clueweb09-en0000-63-24417	22	1.0	run-1
33	Q0	clueweb09-en0000-64-21770	23	1.0	run-1
33	Q0	clueweb09-en0000-64-21806	24	1.0	run-1
33	Q0	clueweb09-en0000-66-03777	25	1.0	run-1
33	Q0	clueweb09-en0000-67-06120	26	1.0	run-1
33	Q0	clueweb09-en0000-78-00955	27	1.0	run-1
33	Q0	clueweb09-en0000-90-00811	28	1.0	run-1
33	Q0	clueweb09-en0000-91-31361	29	1.0	run-1
33	Q0	clueweb09-en0000-92-26062	30	1.0	run-1
33	Q0	clueweb09-en0000-94-16958	31	1.0	run-1
33	Q0	clueweb09-en0000-96-20047	32	1.0	run-1
33	Q0	clueweb09-en0001-05-26702	33	1.0	run-1
33	Q0	clueweb09-en0001-05-27683	34	1.0	run-1
33	Q0	clueweb09-en0001-05-27684	35	1.0	run-1
33	Q0	clueweb09-en0001-05-27710	36	1.0	run-1
33	Q0	clueweb09-en0001-05-27711	37	1.0	run-1
33	Q0	clueweb09-en0001-08-02144	38	1.0	run-1
33	Q0	clueweb09-en0001-23-04021	39	1.0	run-1
33	Q0	clueweb09-en0001-24-28991	40	1.0	run-1
33	Q0	clueweb09-en0001-24-29273	41	1.0	run-1
33	Q0	clueweb09-en0001-26-12652	42	1.0	run-1
33	Q0	clueweb09-en0001-32-21080	43	1.0	run-1
33	Q0	clueweb09-en0001-32-22629	44	1.0	run-1
33	Q0	clueweb09-en0001-37-09812	45	1.0	run-1
33	Q0	clueweb09-en0001-37-09828	46	1.0	run-1
33	Q0	clueweb09-en0001-37-09881	47	1.0	run-1
33	Q0	clueweb09-en0001-39-20776	48	1.0	run-1
33	Q0	clueweb09-en0001-52-10594	49	1.0	run-1
33	Q0	clueweb09-en0001-55-13913	50	1.0	run-1
33	Q0	clueweb09-en0001-56-01105	51	1.0	run-1
33	Q0	clueweb09-en0001-61-27777	52	1.0	run-1
33	Q0	clueweb09-en0001-66-06858	53	1.0	run-1
33	Q0	clueweb09-en0001-69-11358	54	1.0	run-1
33	Q0	clueweb09-en0001-72-19849	55	1.0	run-1
33	Q0	clueweb09-en0001-73-12528	56	1.0	run-1
33	Q0	clueweb09-en0001-73-31267	57	1.0	run-1
33	Q0	clueweb09-en0001-74-30636	58	1.0	run-1
33	Q0	clueweb09-en0001-77-00453	59	1.0	run-1
33	Q0	clueweb09-en0001-78-16653	60	1.0	run-1
33	Q0	clueweb09-en0001-78-16734	61	1.0	run-1
33	Q0	clueweb09-en0001-84-08947	62	1.0	run-1
33	Q0	clueweb09-en0001-89-32826	63	1.0	run-1
33	Q0	clueweb09-en0001-90-02980	64	1.0	run-1
33	Q0	clueweb09-en0002-02-25396	65	1.0	run-1
33	Q0	clueweb09-en0002-10-20000	66	1.0	run-1
33	Q0	clueweb09-en0002-11-32854	67	1.0	run-1
33	Q0	clueweb09-en0002-12-31786	68	1.0	run-1
33	Q0	clueweb09-en0002-15-18756	69	1.0	run-1
33	Q0	clueweb09-en0002-19-37517	70	1.0	run-1
33	Q0	clueweb09-en0002-20-25248	71	1.0	run-1
33	Q0	clueweb09-en0002-20-32093	72	1.0	run-1
33	Q0	clueweb09-en0002-25-15510	73	1.0	run-1
33	Q0	clueweb09-en0002-28-35275	74	1.0	run-1
33	Q0	clueweb09-en0002-28-35284	75	1.0	run-1
33	Q0	clueweb09-en0002-28-35563	76	1.0	run-1
33	Q0	clueweb09-en0002-37-36385	77	1.0	run-1
33	Q0	clueweb09-en0002-43-06943	78	1.0	run-1
33	Q0	clueweb09-en0002-44-08228	79	1.0	run-1
33	Q0	clueweb09-en0002-44-12928	80	1.0	run-1
33	Q0	clueweb09-en0002-53-27047	81	1.0	run-1
33	Q0	clueweb09-en0002-61-09765	82	1.0	run-1
33	Q0	clueweb09-en0002-69-19418	83	1.0	run-1
33	Q0	clueweb09-en0002-70-28547	84	1.0	run-1
33	Q0	clueweb09-en0002-71-21349	85	1.0	run-1
33	Q0	clueweb09-en0002-75-28930	86	1.0	run-1
33	Q0	clueweb09-en0002-76-35029	87	1.0	run-1
33	Q0	clueweb09-en0002-88-18378	88	1.0	run-1
33	Q0	clueweb09-en0002-88-20199	89	1.0	run-1
33	Q0	clueweb09-en0002-88-20218	90	1.0	run-1
33	Q0	clueweb09-en0003-01-11117	91	1.0	run-1
33	Q0	clueweb09-en0003-04-22932	92	1.0	run-1
33	Q0	clueweb09-en0003-05-13637	93	1.0	run-1
33	Q0	clueweb09-en0003-06-03814	94	1.0	run-1
33	Q0	clueweb09-en0003-06-03892	95	1.0	run-1
33	Q0	clueweb09-en0003-06-03910	96	1.0	run-1
33	Q0	clueweb09-en0003-13-14425	97	1.0	run-1
33	Q0	clueweb09-en0003-13-14874	98	1.0	run-1
33	Q0	clueweb09-en0003-15-30300	99	1.0	run-1
33	Q0	clueweb09-en0003-21-04324	100	1.0	run-1
52	Q0	clueweb09-en0000-06-04188	1	1.0	run-1
52	Q0	clueweb09-en0000-10-08340	2	1.0	run-1
52	Q0	clueweb09-en0000-11-19507	3	1.0	run-1
52	Q0	clueweb09-en0000-11-21854	4	1.0	run-1
52	Q0	clueweb09-en0000-14-14494	5	1.0	run-1
52	Q0	clueweb09-en0000-24-09037	6	1.0	run-1
52	Q0	clueweb09-en0000-28-03615	7	1.0	run-1
52	Q0	clueweb09-en0000-29-12342	8	1.0	run-1
52	Q0	clueweb09-en0000-29-12343	9	1.0	run-1
52	Q0	clueweb09-en0000-29-12344	10	1.0	run-1
52	Q0	clueweb09-en0000-29-12345	11	1.0	run-1
52	Q0	clueweb09-en0000-29-12346	12	1.0	run-1
52	Q0	clueweb09-en0000-39-22782	13	1.0	run-1
52	Q0	clueweb09-en0000-41-10714	14	1.0	run-1
52	Q0	clueweb09-en0000-43-14679	15	1.0	run-1
52	Q0	clueweb09-en0000-47-14548	16	1.0	run-1
52	Q0	clueweb09-en0000-47-14551	17	1.0	run-1
52	Q0	clueweb09-en0000-47-14558	18	1.0	run-1
52	Q0	clueweb09-en0000-51-12374	19	1.0	run-1
52	Q0	clueweb09-en0000-51-12375	20	1.0	run-1
52	Q0	clueweb09-en0000-51-12376	21	1.0	run-1
52	Q0	clueweb09-en0000-51-12377	22	1.0	run-1
52	Q0	clueweb09-en0000-51-12378	23	1.0	run-1
52	Q0	clueweb09-en0000-51-12379	24	1.0	run-1
52	Q0	clueweb09-en0000-51-12381	25	1.0	run-1
52	Q0	clueweb09-en0000-53-12244	26	1.0	run-1
52	Q0	clueweb09-en0000-54-14011	27	1.0	run-1
52	Q0	clueweb09-en0000-54-14063	28	1.0	run-1
52	Q0	clueweb09-en0000-56-34019	29	1.0	run-1
52	Q0	clueweb09-en0000-59-24289	30	1.0	run-1
52	Q0	clueweb09-en0000-60-13644	31	1.0	run-1
52	Q0	clueweb09-en0000-60-13646	32	1.0	run-1
52	Q0	clueweb09-en0000-60-13653	33	1.0	run-1
52	Q0	clueweb09-en0000-60-13654	34	1.0	run-1
52	Q0	clueweb09-en0000-60-13658	35	1.0	run-1
52	Q0	clueweb09-en0000-60-13661	36	1.0	run-1
52	Q0	clueweb09-en0000-60-13662	37	1.0	run-1
52	Q0	clueweb09-en0000-63-15921	38	1.0	run-1
52	Q0	clueweb09-en0000-65-07473	39	1.0	run-1
52	Q0	clueweb09-en0000-66-00539	40	1.0	run-1
52	Q0	clueweb09-en0000-70-27853	41	1.0	run-1
52	Q0	clueweb09-en0000-71-06214	42	1.0	run-1
52	Q0	clueweb09-en0000-76-11594	43	1.0	run-1
52	Q0	clueweb09-en0000-77-18405	44	1.0	run-1
52	Q0	clueweb09-en0000-88-13018	45	1.0	run-1
52	Q0	clueweb09-en0000-88-16574	46	1.0	run-1
52	Q0	clueweb09-en0001-01-28406	47	1.0	run-1
52	Q0	clueweb09-en0001-02-34249	48	1.0	run-1
52	Q0	clueweb09-en0001-17-33006	49	1.0	run-1
52	Q0	clueweb09-en0001-30-19050	50	1.0	run-1
52	Q0	clueweb09-en0001-34-01645	51	1.0	run-1
52	Q0	clueweb09-en0001-35-02166	52	1.0	run-1
52	Q0	clueweb09-en0001-35-02171	53	1.0	run-1
52	Q0	clueweb09-en0001-40-04939	54	1.0	run-1
52	Q0	clueweb09-en0001-46-26419	55	1.0	run-1
52	Q0	clueweb09-en0001-48-31336	56	1.0	run-1
52	Q0	clueweb09-en0001-53-21005	57	1.0	run-1
52	Q0	clueweb09-en0001-54-11021	58	1.0	run-1
52	Q0	clueweb09-en0001-54-11038	59	1.0	run-1
52	Q0	clueweb09-en0001-55-20964	60	1.0	run-1
52	Q0	clueweb09-en0001-59-11960	61	1.0	run-1
52	Q0	clueweb09-en0001-60-00396	62	1.0	run-1
52	Q0	clueweb09-en0001-72-03644	63	1.0	run-1
52	Q0	clueweb09-en0001-78-25362	64	1.0	run-1
52	Q0	clueweb09-en0001-86-29251	65	1.0	run-1
52	Q0	clueweb09-en0002-01-16632	66	1.0	run-1
52	Q0	clueweb09-en0002-02-06958	67	1.0	run-1
52	Q0	clueweb09-en0002-02-25424	68	1.0	run-1
52	Q0	clueweb09-en0002-07-32945	69	1.0	run-1
52	Q0	clueweb09-en0002-11-01630	70	1.0	run-1
52	Q0	clueweb09-en0002-14-05515	71	1.0	run-1
52	Q0	clueweb09-en0002-16-35886	72	1.0	run-1
52	Q0	clueweb09-en0002-16-35948	73	1.0	run-1
52	Q0	clueweb09-en0002-17-12053	74	1.0	run-1
52	Q0	clueweb09-en0002-28-08371	75	1.0	run-1
52	Q0	clueweb09-en0002-29-05267	76	1.0	run-1
52	Q0	clueweb09-en0002-36-31107	77	1.0	run-1
52	Q0	clueweb09-en0002-44-21955	78	1.0	run-1
52	Q0	clueweb09-en0002-46-15564	79	1.0	run-1
52	Q0	clueweb09-en0002-50-17943	80	1.0	run-1
52	Q0	clueweb09-en0002-51-11581	81	1.0	run-1
52	Q0	clueweb09-en0002-51-18281	82	1.0	run-1
52	Q0	clueweb09-en0002-59-22471	83	1.0	run-1
52	Q0	clueweb09-en0002-75-15910	84	1.0	run-1
52	Q0	clueweb09-en0002-76-14005	85	1.0	run-1
52	Q0	clueweb09-en0002-80-06056	86	1.0	run-1
52	Q0	clueweb09-en0002-87-14644	87	1.0	run-1
52	Q0	clueweb09-en0002-89-32425	88	1.0	run-1
52	Q0	clueweb09-en0002-92-33198	89	1.0	run-1
52	Q0	clueweb09-en0002-97-26119	90	1.0	run-1
52	Q0	clueweb09-en0002-97-27136	91	1.0	run-1
52	Q0	clueweb09-en0003-01-15698	92	1.0	run-1
52	Q0	clueweb09-en0003-02-24589	93	1.0	run-1
52	Q0	clueweb09-en0003-03-15831	94	1.0	run-1
52	Q0	clueweb09-en0003-04-01900	95	1.0	run-1
52	Q0	clueweb09-en0003-04-04456	96	1.0	run-1
52	Q0	clueweb09-en0003-11-25615	97	1.0	run-1
52	Q0	clueweb09-en0003-24-06143	98	1.0	run-1
52	Q0	clueweb09-en0003-27-19517	99	1.0	run-1
52	Q0	clueweb09-en0003-30-00535	100	1.0	run-1
71	Q0	clueweb09-en0000-00-03430	1	1.0	run-1
71	Q0	clueweb09-en0000-00-03436	2	1.0	run-1
71	Q0	clueweb09-en0000-00-08183	3	1.0	run-1
71	Q0	clueweb09-en0000-00-08193	4	1.0	run-1
71	Q0	clueweb09-en0000-00-13312	5	1.0	run-1
71	Q0	clueweb09-en0000-00-16779	6	1.0	run-1
71	Q0	clueweb09-en0000-00-16780	7	1.0	run-1
71	Q0	clueweb09-en0000-00-17600	8	1.0	run-1
71	Q0	clueweb09-en0000-00-17606	9	1.0	run-1
71	Q0	clueweb09-en0000-01-10241	10	1.0	run-1
71	Q0	clueweb09-en0000-01-17965	11	1.0	run-1
71	Q0	clueweb09-en0000-02-06680	12	1.0	run-1
71	Q0	clueweb09-en0000-03-02855	13	1.0	run-1
71	Q0	clueweb09-en0000-03-03061	14	1.0	run-1
71	Q0	clueweb09-en0000-03-05889	15	1.0	run-1
71	Q0	clueweb09-en0000-03-11188	16	1.0	run-1
71	Q0	clueweb09-en0000-03-20813	17	1.0	run-1
71	Q0	clueweb09-en0000-03-20828	18	1.0	run-1
71	Q0	clueweb09-en0000-04-00893	19	1.0	run-1
71	Q0	clueweb09-en0000-04-16132	20	1.0	run-1
71	Q0	clueweb09-en0000-04-21215	21	1.0	run-1
71	Q0	clueweb09-en0000-05-02397	22	1.0	run-1
71	Q0	clueweb09-en0000-05-08542	23	1.0	run-1
71	Q0	clueweb09-en0000-06-00165	24	1.0	run-1
71	Q0	clueweb09-en0000-06-00367	25	1.0	run-1
71	Q0	clueweb09-en0000-07-04349	26	1.0	run-1
71	Q0	clueweb09-en0000-07-17595	27	1.0	run-1
71	Q0	clueweb09-en0000-07-18146	28	1.0	run-1
71	Q0	clueweb09-en0000-07-22848	29	1.0	run-1
71	Q0	clueweb09-en0000-07-30349	30	1.0	run-1
71	Q0	clueweb09-en0000-08-04659	31	1.0	run-1
71	Q0	clueweb09-en0000-08-21935	32	1.0	run-1
71	Q0	clueweb09-en0000-09-06843	33	1.0	run-1
71	Q0	clueweb09-en0000-09-11952	34	1.0	run-1
71	Q0	clueweb09-en0000-09-27240	35	1.0	run-1
71	Q0	clueweb09-en0000-10-04807	36	1.0	run-1
71	Q0	clueweb09-en0000-10-21253	37	1.0	run-1
71	Q0	clueweb09-en0000-10-36201	38	1.0	run-1
71	Q0	clueweb09-en0000-10-40539	39	1.0	run-1
71	Q0	clueweb09-en0000-11-06617	40	1.0	run-1
71	Q0	clueweb09-en0000-11-21512	41	1.0	run-1
71	Q0	clueweb09-en0000-11-35741	42	1.0	run-1
71	Q0	clueweb09-en0000-12-15090	43	1.0	run-1
71	Q0	clueweb09-en0000-12-15247	44	1.0	run-1
71	Q0	clueweb09-en0000-12-16168	45	1.0	run-1
71	Q0	clueweb09-en0000-12-16857	46	1.0	run-1
71	Q0	clueweb09-en0000-12-27636	47	1.0	run-1
71	Q0	clueweb09-en0000-13-05737	48	1.0	run-1
71	Q0	clueweb09-en0000-13-13029	49	1.0	run-1
71	Q0	clueweb09-en0000-13-17188	50	1.0	run-1
71	Q0	clueweb09-en0000-13-32284	51	1.0	run-1
71	Q0	clueweb09-en0000-13-32307	52	1.0	run-1
71	Q0	clueweb09-en0000-14-12028	53	1.0	run-1
71	Q0	clueweb09-en0000-14-12856	54	1.0	run-1
71	Q0	clueweb09-en0000-14-22229	55	1.0	run-1
71	Q0	clueweb09-en0000-14-23812	56	1.0	run-1
71	Q0	clueweb09-en0000-14-35836	57	1.0	run-1
71	Q0	clueweb09-en0000-14-35839	58	1.0	run-1
71	Q0	clueweb09-en0000-15-02735	59	1.0	run-1
71	Q0	clueweb09-en0000-15-18840	60	1.0	run-1
71	Q0	clueweb09-en0000-15-19482	61	1.0	run-1
71	Q0	clueweb09-en0000-15-23776	62	1.0	run-1
71	Q0	clueweb09-en0000-15-29001	63	1.0	run-1
71	Q0	clueweb09-en0000-15-32919	64	1.0	run-1
71	Q0	clueweb09-en0000-16-11382	65	1.0	run-1
71	Q0	clueweb09-en0000-16-18358	66	1.0	run-1
71	Q0	clueweb09-en0000-17-06694	67	1.0	run-1
71	Q0	clueweb09-en0000-17-16481	68	1.0	run-1
71	Q0	clueweb09-en0000-17-16576	69	1.0	run-1
71	Q0	clueweb09-en0000-17-19037	70	1.0	run-1
71	Q0	clueweb09-en0000-18-07797	71	1.0	run-1
71	Q0	clueweb09-en0000-19-02167	72	1.0	run-1
71	Q0	clueweb09-en0000-19-07440	73	1.0	run-1
71	Q0	clueweb09-en0000-19-10038	74	1.0	run-1
71	Q0	clueweb09-en0000-19-11909	75	1.0	run-1
71	Q0	clueweb09-en0000-19-14259	76	1.0	run-1
71	Q0	clueweb09-en0000-19-26727	77	1.0	run-1
71	Q0	clueweb09-en0000-19-29915	78	1.0	run-1
71	Q0	clueweb09-en0000-21-34741	79	1.0	run-1
71	Q0	clueweb09-en0000-22-05974	80	1.0	run-1
71	Q0	clueweb09-en0000-22-09531	81	1.0	run-1
71	Q0	clueweb09-en0000-22-11848	82	1.0	run-1
71	Q0	clueweb09-en0000-22-16792	83	1.0	run-1
71	Q0	clueweb09-en0000-22-20399	84	1.0	run-1
71	Q0	clueweb09-en0000-23-30852	85	1.0	run-1
71	Q0	clueweb09-en0000-23-32721	86	1.0	run-1
71	Q0	clueweb09-en0000-24-01413	87	1.0	run-1
71	Q0	clueweb09-en0000-24-13046	88	1.0	run-1
71	Q0	clueweb09-en0000-24-26565	89	1.0	run-1
71	Q0	clueweb09-en0000-25-08471	90	1.0	run-1
71	Q0	clueweb09-en0000-25-11301	91	1.0	run-1
71	Q0	clueweb09-en0000-25-11393	92	1.0	run-1
71	Q0	clueweb09-en0000-25-19960	93	1.0	run-1
71	Q0	clueweb09-en0000-26-13715	94	1.0	run-1
71	Q0	clueweb09-en0000-26-17674	95	1.0	run-1
71	Q0	clueweb09-en0000-27-07787	96	1.0	run-1
71	Q0	clueweb09-en0000-27-24630	97	1.0	run-1
71	Q0	clueweb09-en0000-28-05310	98	1.0	run-1
71	Q0	clueweb09-en0000-28-07835	99	1.0	run-1
71	Q0	clueweb09-en0000-28-08574	100	1.0	run-1
102	Q0	clueweb09-en0000-71-33778	1	1.0	run-1
102	Q0	clueweb09-en0002-62-10701	2	1.0	run-1
102	Q0	clueweb09-en0003-97-27345	3	1.0	run-1
102	Q0	clueweb09-en0005-85-24201	4	1.0	run-1
102	Q0	clueweb09-en0007-63-04777	5	1.0	run-1
102	Q0	clueweb09-en0007-96-01022	6	1.0	run-1
102	Q0	clueweb09-en0009-21-19078	7	1.0	run-1
102	Q0	clueweb09-en0009-21-19080	8	1.0	run-1
149	Q0	clueweb09-en0000-11-27765	1	1.0	run-1
149	Q0	clueweb09-en0000-97-06228	2	1.0	run-1
149	Q0	clueweb09-en0000-99-20299	3	1.0	run-1
149	Q0	clueweb09-en0001-12-03645	4	1.0	run-1
149	Q0	clueweb09-en0001-21-25495	5	1.0	run-1
149	Q0	clueweb09-en0001-29-06746	6	1.0	run-1
149	Q0	clueweb09-en0001-51-21742	7	1.0	run-1
149	Q0	clueweb09-en0001-93-20942	8	1.0	run-1
149	Q0	clueweb09-en0002-02-16140	9	1.0	run-1
149	Q0	clueweb09-en0002-04-26889	10	1.0	run-1
149	Q0	clueweb09-en0002-04-26891	11	1.0	run-1
149	Q0	clueweb09-en0002-04-26897	12	1.0	run-1
149	Q0	clueweb09-en0002-06-10623	13	1.0	run-1
149	Q0	clueweb09-en0002-63-20850	14	1.0	run-1
149	Q0	clueweb09-en0002-83-28784	15	1.0	run-1
149	Q0	clueweb09-en0002-92-00594	16	1.0	run-1
149	Q0	clueweb09-en0002-94-17316	17	1.0	run-1
149	Q0	clueweb09-en0002-97-00021	18	1.0	run-1
149	Q0	clueweb09-en0003-01-26661	19	1.0	run-1
149	Q0	clueweb09-en0003-01-26766	20	1.0	run-1
149	Q0	clueweb09-en0003-01-26774	21	1.0	run-1
149	Q0	clueweb09-en0003-01-26775	22	1.0	run-1
149	Q0	clueweb09-en0003-01-26776	23	1.0	run-1
149	Q0	clueweb09-en0003-01-26777	24	1.0	run-1
149	Q0	clueweb09-en0003-01-26778	25	1.0	run-1
149	Q0	clueweb09-en0003-01-26781	26	1.0	run-1
149	Q0	clueweb09-en0003-01-26789	27	1.0	run-1
149	Q0	clueweb09-en0003-01-26791	28	1.0	run-1
149	Q0	clueweb09-en0003-01-26794	29	1.0	run-1
149	Q0	clueweb09-en0003-01-26795	30	1.0	run-1
149	Q0	clueweb09-en0003-01-26796	31	1.0	run-1
149	Q0	clueweb09-en0003-01-26797	32	1.0	run-1
149	Q0	clueweb09-en0003-01-26802	33	1.0	run-1
149	Q0	clueweb09-en0003-08-31941	34	1.0	run-1
149	Q0	clueweb09-en0003-43-16956	35	1.0	run-1
149	Q0	clueweb09-en0003-57-14820	36	1.0	run-1
149	Q0	clueweb09-en0004-20-31736	37	1.0	run-1
149	Q0	clueweb09-en0004-28-03201	38	1.0	run-1
149	Q0	clueweb09-en0004-31-10631	39	1.0	run-1
149	Q0	clueweb09-en0004-31-10693	40	1.0	run-1
149	Q0	clueweb09-en0004-31-10704	41	1.0	run-1
149	Q0	clueweb09-en0004-37-01750	42	1.0	run-1
149	Q0	clueweb09-en0004-48-14257	43	1.0	run-1
149	Q0	clueweb09-en0005-19-22028	44	1.0	run-1
149	Q0	clueweb09-en0005-84-28959	45	1.0	run-1
149	Q0	clueweb09-en0005-88-07146	46	1.0	run-1
149	Q0	clueweb09-en0005-99-18499	47	1.0	run-1
149	Q0	clueweb09-en0006-14-32778	48	1.0	run-1
149	Q0	clueweb09-en0006-36-32109	49	1.0	run-1
149	Q0	clueweb09-en0006-64-18367	50	1.0	run-1
149	Q0	clueweb09-en0006-74-20162	51	1.0	run-1
149	Q0	clueweb09-en0006-79-24044	52	1.0	run-1
149	Q0	clueweb09-en0007-01-26086	53	1.0	run-1
149	Q0	clueweb09-en0007-21-15570	54	1.0	run-1
149	Q0	clueweb09-en0008-10-11732	55	1.0	run-1
149	Q0	clueweb09-en0008-78-41161	56	1.0	run-1
149	Q0	clueweb09-en0008-78-41168	57	1.0	run-1
149	Q0	clueweb09-en0008-89-29303	58	1.0	run-1
149	Q0	clueweb09-en0009-20-07595	59	1.0	run-1
149	Q0	clueweb09-en0009-20-07613	60	1.0	run-1
149	Q0	clueweb09-en0009-25-22037	61	1.0	run-1
149	Q0	clueweb09-en0010-58-05004	62	1.0	run-1
149	Q0	clueweb09-en0011-14-20282	63	1.0	run-1
149	Q0	clueweb09-en0011-45-27440	64	1.0	run-1
149	Q0	clueweb09-en0011-45-31490	65	1.0	run-1
149	Q0	clueweb09-en0011-89-12276	66	1.0	run-1
149	Q0	clueweb09-en0011-89-12298	67	1.0	run-1
149	Q0	clueweb09-en0011-89-12300	68	1.0	run-1
149	Q0	clueweb09-en0011-89-12306	69	1.0	run-1
149	Q0	clueweb09-en0011-98-31791	70	1.0	run-1
149	Q0	clueweb09-en0011-98-31792	71	1.0	run-1
149	Q0	clueweb09-en0011-98-31793	72	1.0	run-1
149	Q0	clueweb09-enwp00-51-05282	73	1.0	run-1
149	Q0	clueweb09-enwp00-84-01049	74	1.0	run-1
149	Q0	clueweb09-enwp00-87-01051	75	1.0	run-1
149	Q0	clueweb09-enwp00-88-05350	76	1.0	run-1
149	Q0	clueweb09-enwp00-88-12116	77	1.0	run-1
149	Q0	clueweb09-enwp00-93-22802	78	1.0	run-1
149	Q0	clueweb09-enwp00-95-01480	79	1.0	run-1
149	Q0	clueweb09-enwp00-95-06351	80	1.0	run-1
149	Q0	clueweb09-enwp00-96-00650	81	1.0	run-1
149	Q0	clueweb09-enwp01-12-01737	82	1.0	run-1
149	Q0	clueweb09-enwp01-12-06619	83	1.0	run-1
149	Q0	clueweb09-enwp01-18-10595	84	1.0	run-1
149	Q0	clueweb09-enwp01-19-20384	85	1.0	run-1
149	Q0	clueweb09-enwp01-56-00580	86	1.0	run-1
149	Q0	clueweb09-enwp01-56-05396	87	1.0	run-1
149	Q0	clueweb09-enwp01-63-20048	88	1.0	run-1
149	Q0	clueweb09-enwp01-63-22706	89	1.0	run-1
149	Q0	clueweb09-enwp01-69-22643	90	1.0	run-1
149	Q0	clueweb09-enwp01-70-19331	91	1.0	run-1
149	Q0	clueweb09-enwp01-72-09379	92	1.0	run-1
149	Q0	clueweb09-enwp01-75-18817	93	1.0	run-1
149	Q0	clueweb09-enwp01-89-12933	94	1.0	run-1
149	Q0	clueweb09-enwp01-89-12938	95	1.0	run-1
149	Q0	clueweb09-enwp01-90-18659	96	1.0	run-1
149	Q0	clueweb09-enwp01-91-11160	97	1.0	run-1
149	Q0	clueweb09-enwp02-01-19234	98	1.0	run-1
149	Q0	clueweb09-enwp02-03-09456	99	1.0	run-1
149	Q0	clueweb09-enwp02-03-11920	100	1.0	run-1
190	Q0	clueweb09-en0000-18-21486	1	1.0	run-1
190	Q0	clueweb09-en0004-42-40299	2	1.0	run-1
190	Q0	clueweb09-en0004-72-27126	3	1.0	run-1
190	Q0	clueweb09-en0005-61-23474	4	1.0	run-1
190	Q0	clueweb09-en0006-14-40073	5	1.0	run-1
190	Q0	clueweb09-en0006-16-02347	6	1.0	run-1
190	Q0	clueweb09-en0006-16-02366	7	1.0	run-1
190	Q0	clueweb09-en0006-16-02376	8	1.0	run-1
190	Q0	clueweb09-en0006-16-02377	9	1.0	run-1
190	Q0	clueweb09-en0006-16-02379	10	1.0	run-1
190	Q0	clueweb09-en0006-16-02386	11	1.0	run-1
190	Q0	clueweb09-en0006-16-02387	12	1.0	run-1
190	Q0	clueweb09-en0006-16-02388	13	1.0	run-1
190	Q0	clueweb09-en0006-16-02389	14	1.0	run-1
190	Q0	clueweb09-en0006-16-02392	15	1.0	run-1
190	Q0	clueweb09-en0006-16-02397	16	1.0	run-1
190	Q0	clueweb09-en0006-48-12486	17	1.0	run-1
190	Q0	clueweb09-en0006-48-12487	18	1.0	run-1
190	Q0	clueweb09-en0006-98-32888	19	1.0	run-1
190	Q0	clueweb09-en0007-24-07713	20	1.0	run-1
190	Q0	clueweb09-en0008-86-05086	21	1.0	run-1
190	Q0	clueweb09-en0009-15-22865	22	1.0	run-1
190	Q0	clueweb09-en0009-36-21804	23	1.0	run-1
190	Q0	clueweb09-en0009-62-38578	24	1.0	run-1
190	Q0	clueweb09-en0009-98-27243	25	1.0	run-1
190	Q0	clueweb09-en0009-98-27244	26	1.0	run-1
190	Q0	clueweb09-en0009-98-27245	27	1.0	run-1
190	Q0	clueweb09-en0011-13-22789	28	1.0	run-1
